Making all in minuit/src
make[1]: Entering directory `/afs/desy.de/user/p/pidhii/HFitter/xFitter/xfitter-2.0.0/minuit/src'
make[1]: Nothing to be done for `all'.
make[1]: Leaving directory `/afs/desy.de/user/p/pidhii/HFitter/xFitter/xfitter-2.0.0/minuit/src'
Making all in interfaces/src
make[1]: Entering directory `/afs/desy.de/user/p/pidhii/HFitter/xFitter/xfitter-2.0.0/interfaces/src'
make[1]: Nothing to be done for `all'.
make[1]: Leaving directory `/afs/desy.de/user/p/pidhii/HFitter/xFitter/xfitter-2.0.0/interfaces/src'
Making all in DY/src
make[1]: Entering directory `/afs/desy.de/user/p/pidhii/HFitter/xFitter/xfitter-2.0.0/DY/src'
make[1]: Nothing to be done for `all'.
make[1]: Leaving directory `/afs/desy.de/user/p/pidhii/HFitter/xFitter/xfitter-2.0.0/DY/src'
Making all in DIPOLE/src
make[1]: Entering directory `/afs/desy.de/user/p/pidhii/HFitter/xFitter/xfitter-2.0.0/DIPOLE/src'
make[1]: Nothing to be done for `all'.
make[1]: Leaving directory `/afs/desy.de/user/p/pidhii/HFitter/xFitter/xfitter-2.0.0/DIPOLE/src'
Making all in RT/src
make[1]: Entering directory `/afs/desy.de/user/p/pidhii/HFitter/xFitter/xfitter-2.0.0/RT/src'
make[1]: Nothing to be done for `all'.
make[1]: Leaving directory `/afs/desy.de/user/p/pidhii/HFitter/xFitter/xfitter-2.0.0/RT/src'
Making all in EW/src
make[1]: Entering directory `/afs/desy.de/user/p/pidhii/HFitter/xFitter/xfitter-2.0.0/EW/src'
make[1]: Nothing to be done for `all'.
make[1]: Leaving directory `/afs/desy.de/user/p/pidhii/HFitter/xFitter/xfitter-2.0.0/EW/src'
Making all in common
make[1]: Entering directory `/afs/desy.de/user/p/pidhii/HFitter/xFitter/xfitter-2.0.0/common'
make[1]: Nothing to be done for `all'.
make[1]: Leaving directory `/afs/desy.de/user/p/pidhii/HFitter/xFitter/xfitter-2.0.0/common'
Making all in common/linalg
make[1]: Entering directory `/afs/desy.de/user/p/pidhii/HFitter/xFitter/xfitter-2.0.0/common/linalg'
make[1]: Nothing to be done for `all'.
make[1]: Leaving directory `/afs/desy.de/user/p/pidhii/HFitter/xFitter/xfitter-2.0.0/common/linalg'
Making all in common/num_utils
make[1]: Entering directory `/afs/desy.de/user/p/pidhii/HFitter/xFitter/xfitter-2.0.0/common/num_utils'
make[1]: Nothing to be done for `all'.
make[1]: Leaving directory `/afs/desy.de/user/p/pidhii/HFitter/xFitter/xfitter-2.0.0/common/num_utils'
Making all in tools/draw
make[1]: Entering directory `/afs/desy.de/user/p/pidhii/HFitter/xFitter/xfitter-2.0.0/tools/draw'
Making all in src
make[2]: Entering directory `/afs/desy.de/user/p/pidhii/HFitter/xFitter/xfitter-2.0.0/tools/draw/src'
make[2]: Nothing to be done for `all'.
make[2]: Leaving directory `/afs/desy.de/user/p/pidhii/HFitter/xFitter/xfitter-2.0.0/tools/draw/src'
make[2]: Entering directory `/afs/desy.de/user/p/pidhii/HFitter/xFitter/xfitter-2.0.0/tools/draw'
make[2]: Nothing to be done for `all-am'.
make[2]: Leaving directory `/afs/desy.de/user/p/pidhii/HFitter/xFitter/xfitter-2.0.0/tools/draw'
make[1]: Leaving directory `/afs/desy.de/user/p/pidhii/HFitter/xFitter/xfitter-2.0.0/tools/draw'
Making all in tools/MakeLHAPDF
make[1]: Entering directory `/afs/desy.de/user/p/pidhii/HFitter/xFitter/xfitter-2.0.0/tools/MakeLHAPDF'
make[1]: Nothing to be done for `all'.
make[1]: Leaving directory `/afs/desy.de/user/p/pidhii/HFitter/xFitter/xfitter-2.0.0/tools/MakeLHAPDF'
Making all in FastNLO/src
make[1]: Entering directory `/afs/desy.de/user/p/pidhii/HFitter/xFitter/xfitter-2.0.0/FastNLO/src'
make[1]: Nothing to be done for `all'.
make[1]: Leaving directory `/afs/desy.de/user/p/pidhii/HFitter/xFitter/xfitter-2.0.0/FastNLO/src'
Making all in DiffDIS/src
make[1]: Entering directory `/afs/desy.de/user/p/pidhii/HFitter/xFitter/xfitter-2.0.0/DiffDIS/src'
make[1]: Nothing to be done for `all'.
make[1]: Leaving directory `/afs/desy.de/user/p/pidhii/HFitter/xFitter/xfitter-2.0.0/DiffDIS/src'
Making all in ACOT/src
make[1]: Entering directory `/afs/desy.de/user/p/pidhii/HFitter/xFitter/xfitter-2.0.0/ACOT/src'
make[1]: Nothing to be done for `all'.
make[1]: Leaving directory `/afs/desy.de/user/p/pidhii/HFitter/xFitter/xfitter-2.0.0/ACOT/src'
Making all in SACOT/src
make[1]: Entering directory `/afs/desy.de/user/p/pidhii/HFitter/xFitter/xfitter-2.0.0/SACOT/src'
make[1]: Nothing to be done for `all'.
make[1]: Leaving directory `/afs/desy.de/user/p/pidhii/HFitter/xFitter/xfitter-2.0.0/SACOT/src'
Making all in ABM/src
make[1]: Entering directory `/afs/desy.de/user/p/pidhii/HFitter/xFitter/xfitter-2.0.0/ABM/src'
make[1]: Nothing to be done for `all'.
make[1]: Leaving directory `/afs/desy.de/user/p/pidhii/HFitter/xFitter/xfitter-2.0.0/ABM/src'
Making all in FONLL/src
make[1]: Entering directory `/afs/desy.de/user/p/pidhii/HFitter/xFitter/xfitter-2.0.0/FONLL/src'
make[1]: Nothing to be done for `all'.
make[1]: Leaving directory `/afs/desy.de/user/p/pidhii/HFitter/xFitter/xfitter-2.0.0/FONLL/src'
Making all in Cascade/src
make[1]: Entering directory `/afs/desy.de/user/p/pidhii/HFitter/xFitter/xfitter-2.0.0/Cascade/src'
make[1]: Nothing to be done for `all'.
make[1]: Leaving directory `/afs/desy.de/user/p/pidhii/HFitter/xFitter/xfitter-2.0.0/Cascade/src'
Making all in genetic/mixmax_r004
make[1]: Entering directory `/afs/desy.de/user/p/pidhii/HFitter/xFitter/xfitter-2.0.0/genetic/mixmax_r004'
make[1]: Nothing to be done for `all'.
make[1]: Leaving directory `/afs/desy.de/user/p/pidhii/HFitter/xFitter/xfitter-2.0.0/genetic/mixmax_r004'
Making all in genetic/src
make[1]: Entering directory `/afs/desy.de/user/p/pidhii/HFitter/xFitter/xfitter-2.0.0/genetic/src'
make[1]: Nothing to be done for `all'.
make[1]: Leaving directory `/afs/desy.de/user/p/pidhii/HFitter/xFitter/xfitter-2.0.0/genetic/src'
Making all in QEDevol/src
make[1]: Entering directory `/afs/desy.de/user/p/pidhii/HFitter/xFitter/xfitter-2.0.0/QEDevol/src'
make[1]: Nothing to be done for `all'.
make[1]: Leaving directory `/afs/desy.de/user/p/pidhii/HFitter/xFitter/xfitter-2.0.0/QEDevol/src'
Making all in include
make[1]: Entering directory `/afs/desy.de/user/p/pidhii/HFitter/xFitter/xfitter-2.0.0/include'
make[1]: Nothing to be done for `all'.
make[1]: Leaving directory `/afs/desy.de/user/p/pidhii/HFitter/xFitter/xfitter-2.0.0/include'
Making all in interfaces/include
make[1]: Entering directory `/afs/desy.de/user/p/pidhii/HFitter/xFitter/xfitter-2.0.0/interfaces/include'
make[1]: Nothing to be done for `all'.
make[1]: Leaving directory `/afs/desy.de/user/p/pidhii/HFitter/xFitter/xfitter-2.0.0/interfaces/include'
Making all in FastNLO/include
make[1]: Entering directory `/afs/desy.de/user/p/pidhii/HFitter/xFitter/xfitter-2.0.0/FastNLO/include'
make[1]: Nothing to be done for `all'.
make[1]: Leaving directory `/afs/desy.de/user/p/pidhii/HFitter/xFitter/xfitter-2.0.0/FastNLO/include'
Making all in FastNLO/include/fastnlotk
make[1]: Entering directory `/afs/desy.de/user/p/pidhii/HFitter/xFitter/xfitter-2.0.0/FastNLO/include/fastnlotk'
make[1]: Nothing to be done for `all'.
make[1]: Leaving directory `/afs/desy.de/user/p/pidhii/HFitter/xFitter/xfitter-2.0.0/FastNLO/include/fastnlotk'
Making all in DiffDIS/include
make[1]: Entering directory `/afs/desy.de/user/p/pidhii/HFitter/xFitter/xfitter-2.0.0/DiffDIS/include'
make[1]: Nothing to be done for `all'.
make[1]: Leaving directory `/afs/desy.de/user/p/pidhii/HFitter/xFitter/xfitter-2.0.0/DiffDIS/include'
Making all in DY/include
make[1]: Entering directory `/afs/desy.de/user/p/pidhii/HFitter/xFitter/xfitter-2.0.0/DY/include'
make[1]: Nothing to be done for `all'.
make[1]: Leaving directory `/afs/desy.de/user/p/pidhii/HFitter/xFitter/xfitter-2.0.0/DY/include'
Making all in tools/draw/include
make[1]: Entering directory `/afs/desy.de/user/p/pidhii/HFitter/xFitter/xfitter-2.0.0/tools/draw/include'
make[1]: Nothing to be done for `all'.
make[1]: Leaving directory `/afs/desy.de/user/p/pidhii/HFitter/xFitter/xfitter-2.0.0/tools/draw/include'
Making all in pdf2yaml
make[1]: Entering directory `/afs/desy.de/user/p/pidhii/HFitter/xFitter/xfitter-2.0.0/pdf2yaml'
make[1]: Nothing to be done for `all'.
make[1]: Leaving directory `/afs/desy.de/user/p/pidhii/HFitter/xFitter/xfitter-2.0.0/pdf2yaml'
Making all in tools/process/
make[1]: Entering directory `/afs/desy.de/user/p/pidhii/HFitter/xFitter/xfitter-2.0.0/tools/process'
Making all in ../../pdf2yaml
make[2]: Entering directory `/afs/desy.de/user/p/pidhii/HFitter/xFitter/xfitter-2.0.0/pdf2yaml'
make[2]: Nothing to be done for `all'.
make[2]: Leaving directory `/afs/desy.de/user/p/pidhii/HFitter/xFitter/xfitter-2.0.0/pdf2yaml'
make[2]: Entering directory `/afs/desy.de/user/p/pidhii/HFitter/xFitter/xfitter-2.0.0/tools/process'
make[2]: Nothing to be done for `all-am'.
make[2]: Leaving directory `/afs/desy.de/user/p/pidhii/HFitter/xFitter/xfitter-2.0.0/tools/process'
make[1]: Leaving directory `/afs/desy.de/user/p/pidhii/HFitter/xFitter/xfitter-2.0.0/tools/process'
Making all in tools/
make[1]: Entering directory `/afs/desy.de/user/p/pidhii/HFitter/xFitter/xfitter-2.0.0/tools'
make[1]: Nothing to be done for `all'.
make[1]: Leaving directory `/afs/desy.de/user/p/pidhii/HFitter/xFitter/xfitter-2.0.0/tools'
Making all in common
make[1]: Entering directory `/afs/desy.de/user/p/pidhii/HFitter/xFitter/xfitter-2.0.0/common'
make[1]: Nothing to be done for `all'.
make[1]: Leaving directory `/afs/desy.de/user/p/pidhii/HFitter/xFitter/xfitter-2.0.0/common'
Making all in src
make[1]: Entering directory `/afs/desy.de/user/p/pidhii/HFitter/xFitter/xfitter-2.0.0/src'
  F77    CI_simpfit.o
make[1]: Leaving directory `/afs/desy.de/user/p/pidhii/HFitter/xFitter/xfitter-2.0.0/src'
