This file contains any messages produced by compilers while
running configure, to aid debugging if configure makes a mistake.

It was created by XFitter configure 2.0.0[1;32m FrozenFrog[0m, which was
generated by GNU Autoconf 2.63.  Invocation command line was

  $ ./configure --prefix=/afs/desy.de/user/p/pidhii/HFitter/xFitter/xfitter-2.0.0_install

## --------- ##
## Platform. ##
## --------- ##

hostname = nafhh-zeus01.desy.de
uname -m = x86_64
uname -r = 2.6.32-696.18.7.el6.x86_64
uname -s = Linux
uname -v = #1 SMP Wed Jan 3 19:31:16 CST 2018

/usr/bin/uname -p = unknown
/bin/uname -X     = unknown

/bin/arch              = x86_64
/usr/bin/arch -k       = unknown
/usr/convex/getsysinfo = unknown
/usr/bin/hostinfo      = unknown
/bin/machine           = unknown
/usr/bin/oslevel       = unknown
/bin/universe          = unknown

PATH: /afs/desy.de/user/p/pidhii/HFitter/HFSimpFit/HERAFitter-simpfit_install/bin
PATH: /afs/desy.de/user/p/pidhii/soft/QCDNUM/qcdnum-17-01-14_install/bin
PATH: /afs/desy.de/user/p/pidhii/HFitter/dependencies/hoppet-1.2.0_install/bin
PATH: /afs/desy.de/user/p/pidhii/HFitter/dependencies/applgrid-1.4.70_install/bin
PATH: /usr/sge/bin
PATH: /usr/sge/bin/lx-amd64
PATH: /usr/lib64/qt-3.3/bin
PATH: /afs/desy.de/common/passwd
PATH: /usr/local/bin
PATH: /bin
PATH: /usr/bin
PATH: /afs/desy.de/user/p/pidhii/bin
PATH: /usr/local/sbin
PATH: /usr/sbin
PATH: /sbin
PATH: /cvmfs/grid.cern.ch/emi-ui-3.17.1-1.sl6umd4v2/bin
PATH: /cvmfs/grid.cern.ch/emi-ui-3.17.1-1.sl6umd4v2/sbin
PATH: /cvmfs/grid.cern.ch/emi-ui-3.17.1-1.sl6umd4v2/usr/bin
PATH: /cvmfs/grid.cern.ch/emi-ui-3.17.1-1.sl6umd4v2/usr/sbin
PATH: /opt/puppetlabs/bin
PATH: /opt/dell/srvadmin/bin


## ----------- ##
## Core tests. ##
## ----------- ##

configure:2285: checking for a BSD-compatible install
configure:2353: result: /usr/bin/install -c
configure:2364: checking whether build environment is sane
configure:2424: result: yes
configure:2565: checking for a thread-safe mkdir -p
configure:2604: result: /bin/mkdir -p
configure:2617: checking for gawk
configure:2633: found /bin/gawk
configure:2644: result: gawk
configure:2655: checking whether make sets $(MAKE)
configure:2677: result: yes
configure:2754: checking how to create a ustar tar archive
configure:2767: tar --version
tar (GNU tar) 1.23
Copyright (C) 2010 Free Software Foundation, Inc.
License GPLv3+: GNU GPL version 3 or later <http://gnu.org/licenses/gpl.html>.
This is free software: you are free to change and redistribute it.
There is NO WARRANTY, to the extent permitted by law.

Written by John Gilmore and Jay Fenlason.
configure:2770: $? = 0
configure:2810: tardir=conftest.dir && eval tar --format=ustar -chf - "$tardir" >conftest.tar
configure:2813: $? = 0
configure:2817: tar -xf - <conftest.tar
configure:2820: $? = 0
configure:2833: result: gnutar
configure:2909: checking for gfortran
configure:2925: found /usr/bin/gfortran
configure:2936: result: gfortran
configure:2962: checking for Fortran compiler version
configure:2970: gfortran --version >&5
GNU Fortran (GCC) 4.4.7 20120313 (Red Hat 4.4.7-18)
Copyright (C) 2010 Free Software Foundation, Inc.

GNU Fortran comes with NO WARRANTY, to the extent permitted by law.
You may redistribute copies of GNU Fortran
under the terms of the GNU General Public License.
For more information about these matters, see the file named COPYING

configure:2974: $? = 0
configure:2981: gfortran -v >&5
Using built-in specs.
Target: x86_64-redhat-linux
Configured with: ../configure --prefix=/usr --mandir=/usr/share/man --infodir=/usr/share/info --with-bugurl=http://bugzilla.redhat.com/bugzilla --enable-bootstrap --enable-shared --enable-threads=posix --enable-checking=release --with-system-zlib --enable-__cxa_atexit --disable-libunwind-exceptions --enable-gnu-unique-object --enable-languages=c,c++,objc,obj-c++,java,fortran,ada --enable-java-awt=gtk --disable-dssi --with-java-home=/usr/lib/jvm/java-1.5.0-gcj-1.5.0.0/jre --enable-libgcj-multifile --enable-java-maintainer-mode --with-ecj-jar=/usr/share/java/eclipse-ecj.jar --disable-libjava-multilib --with-ppl --with-cloog --with-tune=generic --with-arch_32=i686 --build=x86_64-redhat-linux
Thread model: posix
gcc version 4.4.7 20120313 (Red Hat 4.4.7-18) (GCC) 
configure:2985: $? = 0
configure:2992: gfortran -V >&5
gfortran: '-V' option must have argument
configure:2996: $? = 1
configure:3010: checking for Fortran compiler default output file name
configure:3032: gfortran    conftest.f  >&5
configure:3036: $? = 0
configure:3074: result: a.out
configure:3093: checking whether the Fortran compiler works
configure:3103: ./a.out
configure:3107: $? = 0
configure:3126: result: yes
configure:3133: checking whether we are cross compiling
configure:3135: result: no
configure:3138: checking for suffix of executables
configure:3145: gfortran -o conftest    conftest.f  >&5
configure:3149: $? = 0
configure:3175: result: 
configure:3181: checking for suffix of object files
configure:3197: gfortran -c   conftest.f >&5
configure:3201: $? = 0
configure:3226: result: o
configure:3234: checking whether we are using the GNU Fortran compiler
configure:3253: gfortran -c   conftest.F >&5
configure:3260: $? = 0
configure:3277: result: yes
configure:3283: checking whether gfortran accepts -g
configure:3300: gfortran -c -g  conftest.f >&5
configure:3307: $? = 0
configure:3323: result: yes
configure:3400: checking for g77
configure:3430: result: no
configure:3400: checking for xlf
configure:3430: result: no
configure:3400: checking for f77
configure:3430: result: no
configure:3400: checking for frt
configure:3430: result: no
configure:3400: checking for pgf77
configure:3430: result: no
configure:3400: checking for cf77
configure:3430: result: no
configure:3400: checking for fort77
configure:3430: result: no
configure:3400: checking for fl32
configure:3430: result: no
configure:3400: checking for af77
configure:3430: result: no
configure:3400: checking for xlf90
configure:3430: result: no
configure:3400: checking for f90
configure:3430: result: no
configure:3400: checking for pgf90
configure:3430: result: no
configure:3400: checking for pghpf
configure:3430: result: no
configure:3400: checking for epcf90
configure:3430: result: no
configure:3400: checking for gfortran
configure:3416: found /usr/bin/gfortran
configure:3427: result: gfortran
configure:3453: checking for Fortran 77 compiler version
configure:3461: gfortran --version >&5
GNU Fortran (GCC) 4.4.7 20120313 (Red Hat 4.4.7-18)
Copyright (C) 2010 Free Software Foundation, Inc.

GNU Fortran comes with NO WARRANTY, to the extent permitted by law.
You may redistribute copies of GNU Fortran
under the terms of the GNU General Public License.
For more information about these matters, see the file named COPYING

configure:3465: $? = 0
configure:3472: gfortran -v >&5
Using built-in specs.
Target: x86_64-redhat-linux
Configured with: ../configure --prefix=/usr --mandir=/usr/share/man --infodir=/usr/share/info --with-bugurl=http://bugzilla.redhat.com/bugzilla --enable-bootstrap --enable-shared --enable-threads=posix --enable-checking=release --with-system-zlib --enable-__cxa_atexit --disable-libunwind-exceptions --enable-gnu-unique-object --enable-languages=c,c++,objc,obj-c++,java,fortran,ada --enable-java-awt=gtk --disable-dssi --with-java-home=/usr/lib/jvm/java-1.5.0-gcj-1.5.0.0/jre --enable-libgcj-multifile --enable-java-maintainer-mode --with-ecj-jar=/usr/share/java/eclipse-ecj.jar --disable-libjava-multilib --with-ppl --with-cloog --with-tune=generic --with-arch_32=i686 --build=x86_64-redhat-linux
Thread model: posix
gcc version 4.4.7 20120313 (Red Hat 4.4.7-18) (GCC) 
configure:3476: $? = 0
configure:3483: gfortran -V >&5
gfortran: '-V' option must have argument
configure:3487: $? = 1
configure:3495: checking whether we are using the GNU Fortran 77 compiler
configure:3514: gfortran -c  conftest.F >&5
configure:3521: $? = 0
configure:3538: result: yes
configure:3544: checking whether gfortran accepts -g
configure:3561: gfortran -c -g conftest.f >&5
configure:3568: $? = 0
configure:3584: result: yes
configure:3626: checking for style of include used by make
configure:3654: result: GNU
configure:3724: checking for gcc
configure:3740: found /usr/bin/gcc
configure:3751: result: gcc
configure:3983: checking for C compiler version
configure:3991: gcc --version >&5
gcc (GCC) 4.4.7 20120313 (Red Hat 4.4.7-18)
Copyright (C) 2010 Free Software Foundation, Inc.
This is free software; see the source for copying conditions.  There is NO
warranty; not even for MERCHANTABILITY or FITNESS FOR A PARTICULAR PURPOSE.

configure:3995: $? = 0
configure:4002: gcc -v >&5
Using built-in specs.
Target: x86_64-redhat-linux
Configured with: ../configure --prefix=/usr --mandir=/usr/share/man --infodir=/usr/share/info --with-bugurl=http://bugzilla.redhat.com/bugzilla --enable-bootstrap --enable-shared --enable-threads=posix --enable-checking=release --with-system-zlib --enable-__cxa_atexit --disable-libunwind-exceptions --enable-gnu-unique-object --enable-languages=c,c++,objc,obj-c++,java,fortran,ada --enable-java-awt=gtk --disable-dssi --with-java-home=/usr/lib/jvm/java-1.5.0-gcj-1.5.0.0/jre --enable-libgcj-multifile --enable-java-maintainer-mode --with-ecj-jar=/usr/share/java/eclipse-ecj.jar --disable-libjava-multilib --with-ppl --with-cloog --with-tune=generic --with-arch_32=i686 --build=x86_64-redhat-linux
Thread model: posix
gcc version 4.4.7 20120313 (Red Hat 4.4.7-18) (GCC) 
configure:4006: $? = 0
configure:4013: gcc -V >&5
gcc: '-V' option must have argument
configure:4017: $? = 1
configure:4020: checking whether we are using the GNU C compiler
configure:4049: gcc -c   conftest.c >&5
configure:4056: $? = 0
configure:4073: result: yes
configure:4082: checking whether gcc accepts -g
configure:4112: gcc -c -g  conftest.c >&5
configure:4119: $? = 0
configure:4220: result: yes
configure:4237: checking for gcc option to accept ISO C89
configure:4311: gcc  -c -g -O2  conftest.c >&5
configure:4318: $? = 0
configure:4341: result: none needed
configure:4361: checking dependency style of gcc
configure:4471: result: gcc3
configure:4491: checking how to run the C preprocessor
configure:4531: gcc -E  conftest.c
configure:4538: $? = 0
configure:4569: gcc -E  conftest.c
conftest.c:11:28: error: ac_nonexistent.h: No such file or directory
configure:4576: $? = 1
configure: failed program was:
| /* confdefs.h.  */
| #define PACKAGE_NAME "XFitter"
| #define PACKAGE_TARNAME "xfitter"
| #define PACKAGE_VERSION "2.0.0[1;32m FrozenFrog[0m"
| #define PACKAGE_STRING "XFitter 2.0.0[1;32m FrozenFrog[0m"
| #define PACKAGE_BUGREPORT "xfitter-help@desy.de"
| #define PACKAGE_URL "http://xfitter.org"
| #define PACKAGE "xfitter"
| #define VERSION "2.0.0[1;32m FrozenFrog[0m"
| /* end confdefs.h.  */
| #include <ac_nonexistent.h>
configure:4609: result: gcc -E
configure:4638: gcc -E  conftest.c
configure:4645: $? = 0
configure:4676: gcc -E  conftest.c
conftest.c:11:28: error: ac_nonexistent.h: No such file or directory
configure:4683: $? = 1
configure: failed program was:
| /* confdefs.h.  */
| #define PACKAGE_NAME "XFitter"
| #define PACKAGE_TARNAME "xfitter"
| #define PACKAGE_VERSION "2.0.0[1;32m FrozenFrog[0m"
| #define PACKAGE_STRING "XFitter 2.0.0[1;32m FrozenFrog[0m"
| #define PACKAGE_BUGREPORT "xfitter-help@desy.de"
| #define PACKAGE_URL "http://xfitter.org"
| #define PACKAGE "xfitter"
| #define VERSION "2.0.0[1;32m FrozenFrog[0m"
| /* end confdefs.h.  */
| #include <ac_nonexistent.h>
configure:4780: checking for g++
configure:4796: found /usr/bin/g++
configure:4807: result: g++
configure:4834: checking for C++ compiler version
configure:4842: g++ --version >&5
g++ (GCC) 4.4.7 20120313 (Red Hat 4.4.7-18)
Copyright (C) 2010 Free Software Foundation, Inc.
This is free software; see the source for copying conditions.  There is NO
warranty; not even for MERCHANTABILITY or FITNESS FOR A PARTICULAR PURPOSE.

configure:4846: $? = 0
configure:4853: g++ -v >&5
Using built-in specs.
Target: x86_64-redhat-linux
Configured with: ../configure --prefix=/usr --mandir=/usr/share/man --infodir=/usr/share/info --with-bugurl=http://bugzilla.redhat.com/bugzilla --enable-bootstrap --enable-shared --enable-threads=posix --enable-checking=release --with-system-zlib --enable-__cxa_atexit --disable-libunwind-exceptions --enable-gnu-unique-object --enable-languages=c,c++,objc,obj-c++,java,fortran,ada --enable-java-awt=gtk --disable-dssi --with-java-home=/usr/lib/jvm/java-1.5.0-gcj-1.5.0.0/jre --enable-libgcj-multifile --enable-java-maintainer-mode --with-ecj-jar=/usr/share/java/eclipse-ecj.jar --disable-libjava-multilib --with-ppl --with-cloog --with-tune=generic --with-arch_32=i686 --build=x86_64-redhat-linux
Thread model: posix
gcc version 4.4.7 20120313 (Red Hat 4.4.7-18) (GCC) 
configure:4857: $? = 0
configure:4864: g++ -V >&5
g++: '-V' option must have argument
configure:4868: $? = 1
configure:4871: checking whether we are using the GNU C++ compiler
configure:4900: g++ -c   conftest.cpp >&5
configure:4907: $? = 0
configure:4924: result: yes
configure:4933: checking whether g++ accepts -g
configure:4963: g++ -c -g  conftest.cpp >&5
configure:4970: $? = 0
configure:5071: result: yes
configure:5096: checking dependency style of g++
configure:5206: result: gcc3
configure:5252: checking build system type
configure:5270: result: x86_64-unknown-linux-gnu
configure:5292: checking host system type
configure:5307: result: x86_64-unknown-linux-gnu
configure:5329: checking for a sed that does not truncate output
configure:5395: result: /bin/sed
configure:5413: checking for grep that handles long lines and -e
configure:5473: result: /bin/grep
configure:5478: checking for egrep
configure:5542: result: /bin/grep -E
configure:5547: checking for fgrep
configure:5611: result: /bin/grep -F
configure:5646: checking for ld used by gcc
configure:5713: result: /usr/bin/ld
configure:5722: checking if the linker (/usr/bin/ld) is GNU ld
configure:5737: result: yes
configure:5749: checking for BSD- or MS-compatible name lister (nm)
configure:5798: result: /usr/bin/nm -B
configure:5916: checking the name lister (/usr/bin/nm -B) interface
configure:5923: gcc -c -g -O2  conftest.c >&5
configure:5926: /usr/bin/nm -B "conftest.o"
configure:5929: output
0000000000000000 B some_variable
configure:5936: result: BSD nm
configure:5939: checking whether ln -s works
configure:5943: result: yes
configure:5951: checking the maximum length of command line arguments
configure:6071: result: 1966080
configure:6088: checking whether the shell understands some XSI constructs
configure:6098: result: yes
configure:6102: checking whether the shell understands "+="
configure:6108: result: yes
configure:6143: checking for /usr/bin/ld option to reload object files
configure:6150: result: -r
configure:6219: checking for objdump
configure:6235: found /usr/bin/objdump
configure:6246: result: objdump
configure:6278: checking how to recognize dependent libraries
configure:6474: result: pass_all
configure:6534: checking for ar
configure:6550: found /usr/bin/ar
configure:6561: result: ar
configure:6639: checking for strip
configure:6655: found /usr/bin/strip
configure:6666: result: strip
configure:6738: checking for ranlib
configure:6754: found /usr/bin/ranlib
configure:6765: result: ranlib
configure:6855: checking command to parse /usr/bin/nm -B output from gcc object
configure:6973: gcc -c -g -O2  conftest.c >&5
configure:6976: $? = 0
configure:6980: /usr/bin/nm -B conftest.o \| sed -n -e 's/^.*[	 ]\([ABCDGIRSTW][ABCDGIRSTW]*\)[	 ][	 ]*\([_A-Za-z][_A-Za-z0-9]*\)$/\1 \2 \2/p' \> conftest.nm
configure:6983: $? = 0
configure:7037: gcc -o conftest -g -O2   conftest.c conftstm.o >&5
configure:7040: $? = 0
configure:7078: result: ok
configure:7174: gcc -c -g -O2  conftest.c >&5
configure:7177: $? = 0
configure:7941: checking for ANSI C header files
configure:7971: gcc -c -g -O2  conftest.c >&5
configure:7978: $? = 0
configure:8077: gcc -o conftest -g -O2   conftest.c  >&5
configure:8081: $? = 0
configure:8087: ./conftest
configure:8091: $? = 0
configure:8109: result: yes
configure:8133: checking for sys/types.h
configure:8154: gcc -c -g -O2  conftest.c >&5
configure:8161: $? = 0
configure:8178: result: yes
configure:8133: checking for sys/stat.h
configure:8154: gcc -c -g -O2  conftest.c >&5
configure:8161: $? = 0
configure:8178: result: yes
configure:8133: checking for stdlib.h
configure:8154: gcc -c -g -O2  conftest.c >&5
configure:8161: $? = 0
configure:8178: result: yes
configure:8133: checking for string.h
configure:8154: gcc -c -g -O2  conftest.c >&5
configure:8161: $? = 0
configure:8178: result: yes
configure:8133: checking for memory.h
configure:8154: gcc -c -g -O2  conftest.c >&5
configure:8161: $? = 0
configure:8178: result: yes
configure:8133: checking for strings.h
configure:8154: gcc -c -g -O2  conftest.c >&5
configure:8161: $? = 0
configure:8178: result: yes
configure:8133: checking for inttypes.h
configure:8154: gcc -c -g -O2  conftest.c >&5
configure:8161: $? = 0
configure:8178: result: yes
configure:8133: checking for stdint.h
configure:8154: gcc -c -g -O2  conftest.c >&5
configure:8161: $? = 0
configure:8178: result: yes
configure:8133: checking for unistd.h
configure:8154: gcc -c -g -O2  conftest.c >&5
configure:8161: $? = 0
configure:8178: result: yes
configure:8196: checking for dlfcn.h
configure:8217: gcc -c -g -O2  conftest.c >&5
configure:8224: $? = 0
configure:8241: result: yes
configure:8368: checking for C++ compiler version
configure:8376: g++ --version >&5
g++ (GCC) 4.4.7 20120313 (Red Hat 4.4.7-18)
Copyright (C) 2010 Free Software Foundation, Inc.
This is free software; see the source for copying conditions.  There is NO
warranty; not even for MERCHANTABILITY or FITNESS FOR A PARTICULAR PURPOSE.

configure:8380: $? = 0
configure:8387: g++ -v >&5
Using built-in specs.
Target: x86_64-redhat-linux
Configured with: ../configure --prefix=/usr --mandir=/usr/share/man --infodir=/usr/share/info --with-bugurl=http://bugzilla.redhat.com/bugzilla --enable-bootstrap --enable-shared --enable-threads=posix --enable-checking=release --with-system-zlib --enable-__cxa_atexit --disable-libunwind-exceptions --enable-gnu-unique-object --enable-languages=c,c++,objc,obj-c++,java,fortran,ada --enable-java-awt=gtk --disable-dssi --with-java-home=/usr/lib/jvm/java-1.5.0-gcj-1.5.0.0/jre --enable-libgcj-multifile --enable-java-maintainer-mode --with-ecj-jar=/usr/share/java/eclipse-ecj.jar --disable-libjava-multilib --with-ppl --with-cloog --with-tune=generic --with-arch_32=i686 --build=x86_64-redhat-linux
Thread model: posix
gcc version 4.4.7 20120313 (Red Hat 4.4.7-18) (GCC) 
configure:8391: $? = 0
configure:8398: g++ -V >&5
g++: '-V' option must have argument
configure:8402: $? = 1
configure:8405: checking whether we are using the GNU C++ compiler
configure:8458: result: yes
configure:8467: checking whether g++ accepts -g
configure:8605: result: yes
configure:8630: checking dependency style of g++
configure:8740: result: gcc3
configure:8763: checking how to run the C++ preprocessor
configure:8799: g++ -E  conftest.cpp
configure:8806: $? = 0
configure:8837: g++ -E  conftest.cpp
conftest.cpp:22:28: error: ac_nonexistent.h: No such file or directory
configure:8844: $? = 1
configure: failed program was:
| /* confdefs.h.  */
| #define PACKAGE_NAME "XFitter"
| #define PACKAGE_TARNAME "xfitter"
| #define PACKAGE_VERSION "2.0.0[1;32m FrozenFrog[0m"
| #define PACKAGE_STRING "XFitter 2.0.0[1;32m FrozenFrog[0m"
| #define PACKAGE_BUGREPORT "xfitter-help@desy.de"
| #define PACKAGE_URL "http://xfitter.org"
| #define PACKAGE "xfitter"
| #define VERSION "2.0.0[1;32m FrozenFrog[0m"
| #define STDC_HEADERS 1
| #define HAVE_SYS_TYPES_H 1
| #define HAVE_SYS_STAT_H 1
| #define HAVE_STDLIB_H 1
| #define HAVE_STRING_H 1
| #define HAVE_MEMORY_H 1
| #define HAVE_STRINGS_H 1
| #define HAVE_INTTYPES_H 1
| #define HAVE_STDINT_H 1
| #define HAVE_UNISTD_H 1
| #define HAVE_DLFCN_H 1
| /* end confdefs.h.  */
| #include <ac_nonexistent.h>
configure:8877: result: g++ -E
configure:8906: g++ -E  conftest.cpp
configure:8913: $? = 0
configure:8944: g++ -E  conftest.cpp
conftest.cpp:22:28: error: ac_nonexistent.h: No such file or directory
configure:8951: $? = 1
configure: failed program was:
| /* confdefs.h.  */
| #define PACKAGE_NAME "XFitter"
| #define PACKAGE_TARNAME "xfitter"
| #define PACKAGE_VERSION "2.0.0[1;32m FrozenFrog[0m"
| #define PACKAGE_STRING "XFitter 2.0.0[1;32m FrozenFrog[0m"
| #define PACKAGE_BUGREPORT "xfitter-help@desy.de"
| #define PACKAGE_URL "http://xfitter.org"
| #define PACKAGE "xfitter"
| #define VERSION "2.0.0[1;32m FrozenFrog[0m"
| #define STDC_HEADERS 1
| #define HAVE_SYS_TYPES_H 1
| #define HAVE_SYS_STAT_H 1
| #define HAVE_STDLIB_H 1
| #define HAVE_STRING_H 1
| #define HAVE_MEMORY_H 1
| #define HAVE_STRINGS_H 1
| #define HAVE_INTTYPES_H 1
| #define HAVE_STDINT_H 1
| #define HAVE_UNISTD_H 1
| #define HAVE_DLFCN_H 1
| /* end confdefs.h.  */
| #include <ac_nonexistent.h>
configure:9100: checking for Fortran 77 compiler version
configure:9108: gfortran --version >&5
GNU Fortran (GCC) 4.4.7 20120313 (Red Hat 4.4.7-18)
Copyright (C) 2010 Free Software Foundation, Inc.

GNU Fortran comes with NO WARRANTY, to the extent permitted by law.
You may redistribute copies of GNU Fortran
under the terms of the GNU General Public License.
For more information about these matters, see the file named COPYING

configure:9112: $? = 0
configure:9119: gfortran -v >&5
Using built-in specs.
Target: x86_64-redhat-linux
Configured with: ../configure --prefix=/usr --mandir=/usr/share/man --infodir=/usr/share/info --with-bugurl=http://bugzilla.redhat.com/bugzilla --enable-bootstrap --enable-shared --enable-threads=posix --enable-checking=release --with-system-zlib --enable-__cxa_atexit --disable-libunwind-exceptions --enable-gnu-unique-object --enable-languages=c,c++,objc,obj-c++,java,fortran,ada --enable-java-awt=gtk --disable-dssi --with-java-home=/usr/lib/jvm/java-1.5.0-gcj-1.5.0.0/jre --enable-libgcj-multifile --enable-java-maintainer-mode --with-ecj-jar=/usr/share/java/eclipse-ecj.jar --disable-libjava-multilib --with-ppl --with-cloog --with-tune=generic --with-arch_32=i686 --build=x86_64-redhat-linux
Thread model: posix
gcc version 4.4.7 20120313 (Red Hat 4.4.7-18) (GCC) 
configure:9123: $? = 0
configure:9130: gfortran -V >&5
gfortran: '-V' option must have argument
configure:9134: $? = 1
configure:9142: checking whether we are using the GNU Fortran 77 compiler
configure:9185: result: yes
configure:9191: checking whether gfortran accepts -g
configure:9231: result: yes
configure:9374: checking for Fortran compiler version
configure:9382: gfortran --version >&5
GNU Fortran (GCC) 4.4.7 20120313 (Red Hat 4.4.7-18)
Copyright (C) 2010 Free Software Foundation, Inc.

GNU Fortran comes with NO WARRANTY, to the extent permitted by law.
You may redistribute copies of GNU Fortran
under the terms of the GNU General Public License.
For more information about these matters, see the file named COPYING

configure:9386: $? = 0
configure:9393: gfortran -v >&5
Using built-in specs.
Target: x86_64-redhat-linux
Configured with: ../configure --prefix=/usr --mandir=/usr/share/man --infodir=/usr/share/info --with-bugurl=http://bugzilla.redhat.com/bugzilla --enable-bootstrap --enable-shared --enable-threads=posix --enable-checking=release --with-system-zlib --enable-__cxa_atexit --disable-libunwind-exceptions --enable-gnu-unique-object --enable-languages=c,c++,objc,obj-c++,java,fortran,ada --enable-java-awt=gtk --disable-dssi --with-java-home=/usr/lib/jvm/java-1.5.0-gcj-1.5.0.0/jre --enable-libgcj-multifile --enable-java-maintainer-mode --with-ecj-jar=/usr/share/java/eclipse-ecj.jar --disable-libjava-multilib --with-ppl --with-cloog --with-tune=generic --with-arch_32=i686 --build=x86_64-redhat-linux
Thread model: posix
gcc version 4.4.7 20120313 (Red Hat 4.4.7-18) (GCC) 
configure:9397: $? = 0
configure:9404: gfortran -V >&5
gfortran: '-V' option must have argument
configure:9408: $? = 1
configure:9416: checking whether we are using the GNU Fortran compiler
configure:9459: result: yes
configure:9465: checking whether gfortran accepts -g
configure:9505: result: yes
configure:9708: checking for objdir
configure:9723: result: .libs
configure:10019: checking if gcc supports -fno-rtti -fno-exceptions
configure:10037: gcc -c -g -O2  -fno-rtti -fno-exceptions conftest.c >&5
cc1: warning: command line option "-fno-rtti" is valid for C++/ObjC++ but not for C
configure:10041: $? = 0
configure:10054: result: no
configure:10074: checking for gcc option to produce PIC
configure:10346: result: -fPIC -DPIC
configure:10358: checking if gcc PIC flag -fPIC -DPIC works
configure:10376: gcc -c -g -O2  -fPIC -DPIC -DPIC conftest.c >&5
configure:10380: $? = 0
configure:10393: result: yes
configure:10417: checking if gcc static flag -static works
configure:10445: result: yes
configure:10460: checking if gcc supports -c -o file.o
configure:10481: gcc -c -g -O2  -o out/conftest2.o conftest.c >&5
configure:10485: $? = 0
configure:10507: result: yes
configure:10515: checking if gcc supports -c -o file.o
configure:10562: result: yes
configure:10595: checking whether the gcc linker (/usr/bin/ld -m elf_x86_64) supports shared libraries
configure:11669: result: yes
configure:11706: checking whether -lc should be explicitly linked in
configure:11711: gcc -c -g -O2  conftest.c >&5
configure:11714: $? = 0
configure:11729: gcc -shared conftest.o  -v -Wl,-soname -Wl,conftest -o conftest 2\>\&1 \| /bin/grep  -lc  \>/dev/null 2\>\&1
configure:11732: $? = 0
configure:11744: result: no
configure:11908: checking dynamic linker characteristics
configure:12351: gcc -o conftest -g -O2   -Wl,-rpath -Wl,/foo conftest.c  >&5
configure:12358: $? = 0
configure:12594: result: GNU/Linux ld.so
configure:12696: checking how to hardcode library paths into programs
configure:12721: result: immediate
configure:13554: checking whether stripping libraries is possible
configure:13559: result: yes
configure:13594: checking if libtool supports shared libraries
configure:13596: result: yes
configure:13599: checking whether to build shared libraries
configure:13620: result: yes
configure:13623: checking whether to build static libraries
configure:13627: result: yes
configure:13777: checking for ld used by g++
configure:13844: result: /usr/bin/ld -m elf_x86_64
configure:13853: checking if the linker (/usr/bin/ld -m elf_x86_64) is GNU ld
configure:13868: result: yes
configure:13923: checking whether the g++ linker (/usr/bin/ld -m elf_x86_64) supports shared libraries
configure:14898: result: yes
configure:14926: g++ -c -g -O2  conftest.cpp >&5
configure:14929: $? = 0
configure:15111: checking for g++ option to produce PIC
configure:15428: result: -fPIC -DPIC
configure:15437: checking if g++ PIC flag -fPIC -DPIC works
configure:15455: g++ -c -g -O2  -fPIC -DPIC -DPIC conftest.cpp >&5
configure:15459: $? = 0
configure:15472: result: yes
configure:15493: checking if g++ static flag -static works
configure:15521: result: yes
configure:15533: checking if g++ supports -c -o file.o
configure:15554: g++ -c -g -O2  -o out/conftest2.o conftest.cpp >&5
configure:15558: $? = 0
configure:15580: result: yes
configure:15585: checking if g++ supports -c -o file.o
configure:15632: result: yes
configure:15662: checking whether the g++ linker (/usr/bin/ld -m elf_x86_64) supports shared libraries
configure:15688: result: yes
configure:15825: checking dynamic linker characteristics
configure:16216: g++ -o conftest -g -O2   -Wl,-rpath -Wl,/foo conftest.cpp  >&5
configure:16223: $? = 0
configure:16459: result: GNU/Linux ld.so
configure:16510: checking how to hardcode library paths into programs
configure:16535: result: immediate
configure:16676: checking if libtool supports shared libraries
configure:16678: result: yes
configure:16681: checking whether to build shared libraries
configure:16701: result: yes
configure:16704: checking whether to build static libraries
configure:16708: result: yes
configure:16722: checking for gfortran option to produce PIC
configure:16994: result: -fPIC
configure:17003: checking if gfortran PIC flag -fPIC works
configure:17021: gfortran -c -g -O2 -fPIC conftest.f >&5
configure:17025: $? = 0
configure:17038: result: yes
configure:17059: checking if gfortran static flag -static works
configure:17087: result: yes
configure:17099: checking if gfortran supports -c -o file.o
configure:17120: gfortran -c -g -O2 -o out/conftest2.o conftest.f >&5
configure:17124: $? = 0
configure:17146: result: yes
configure:17151: checking if gfortran supports -c -o file.o
configure:17198: result: yes
configure:17228: checking whether the gfortran linker (/usr/bin/ld -m elf_x86_64) supports shared libraries
configure:18282: result: yes
configure:18419: checking dynamic linker characteristics
configure:18800: gfortran -o conftest -g -O2  -Wl,-rpath -Wl,/foo conftest.f  >&5
configure:18807: $? = 0
configure:19043: result: GNU/Linux ld.so
configure:19094: checking how to hardcode library paths into programs
configure:19119: result: immediate
configure:19255: checking if libtool supports shared libraries
configure:19257: result: yes
configure:19260: checking whether to build shared libraries
configure:19280: result: yes
configure:19283: checking whether to build static libraries
configure:19287: result: yes
configure:19313: gfortran -c -g -O2  conftest.f >&5
configure:19316: $? = 0
configure:19426: checking for gfortran option to produce PIC
configure:19698: result: -fPIC
configure:19707: checking if gfortran PIC flag -fPIC works
configure:19725: gfortran -c -g -O2 -fPIC  conftest.f >&5
configure:19729: $? = 0
configure:19742: result: yes
configure:19763: checking if gfortran static flag -static works
configure:19791: result: yes
configure:19803: checking if gfortran supports -c -o file.o
configure:19824: gfortran -c -g -O2 -o out/conftest2.o  conftest.f >&5
configure:19828: $? = 0
configure:19850: result: yes
configure:19855: checking if gfortran supports -c -o file.o
configure:19902: result: yes
configure:19932: checking whether the gfortran linker (/usr/bin/ld -m elf_x86_64) supports shared libraries
configure:20986: result: yes
configure:21123: checking dynamic linker characteristics
configure:21504: gfortran -o conftest -g -O2  -Wl,-rpath -Wl,/foo  conftest.f  >&5
configure:21511: $? = 0
configure:21747: result: GNU/Linux ld.so
configure:21798: checking how to hardcode library paths into programs
configure:21823: result: immediate
configure:21873: checking whether gcc and cc understand -c and -o together
configure:21908: gcc -c conftest.c -o conftest2.o >&5
configure:21912: $? = 0
configure:21918: gcc -c conftest.c -o conftest2.o >&5
configure:21922: $? = 0
configure:21933: cc -c conftest.c >&5
configure:21937: $? = 0
configure:21945: cc -c conftest.c -o conftest2.o >&5
configure:21949: $? = 0
configure:21955: cc -c conftest.c -o conftest2.o >&5
configure:21959: $? = 0
configure:21977: result: yes
configure:22009: checking how to get verbose linking output from gfortran
configure:22025: gfortran -c -g -O2  conftest.f >&5
configure:22032: $? = 0
configure:22054: gfortran -o conftest -g -O2 -v conftest.f
Using built-in specs.
Target: x86_64-redhat-linux
Configured with: ../configure --prefix=/usr --mandir=/usr/share/man --infodir=/usr/share/info --with-bugurl=http://bugzilla.redhat.com/bugzilla --enable-bootstrap --enable-shared --enable-threads=posix --enable-checking=release --with-system-zlib --enable-__cxa_atexit --disable-libunwind-exceptions --enable-gnu-unique-object --enable-languages=c,c++,objc,obj-c++,java,fortran,ada --enable-java-awt=gtk --disable-dssi --with-java-home=/usr/lib/jvm/java-1.5.0-gcj-1.5.0.0/jre --enable-libgcj-multifile --enable-java-maintainer-mode --with-ecj-jar=/usr/share/java/eclipse-ecj.jar --disable-libjava-multilib --with-ppl --with-cloog --with-tune=generic --with-arch_32=i686 --build=x86_64-redhat-linux
Thread model: posix
gcc version 4.4.7 20120313 (Red Hat 4.4.7-18) (GCC) 
 /usr/libexec/gcc/x86_64-redhat-linux/4.4.7/f951 conftest.f -ffixed-form -quiet -dumpbase conftest.f -mtune=generic -auxbase conftest -g -O2 -version -fintrinsic-modules-path /usr/lib/gcc/x86_64-redhat-linux/4.4.7/finclude -o /tmp/ccztNEBa.s
GNU Fortran (GCC) version 4.4.7 20120313 (Red Hat 4.4.7-18) (x86_64-redhat-linux)
	compiled by GNU C version 4.4.7 20120313 (Red Hat 4.4.7-18), GMP version 4.3.1, MPFR version 2.4.1.
GGC heuristics: --param ggc-min-expand=100 --param ggc-min-heapsize=131072
 as -V -Qy -o /tmp/cctwoVgK.o /tmp/ccztNEBa.s
GNU assembler version 2.20.51.0.2 (x86_64-redhat-linux) using BFD version version 2.20.51.0.2-5.46.el6 20100205
 /usr/libexec/gcc/x86_64-redhat-linux/4.4.7/collect2 --eh-frame-hdr --build-id -m elf_x86_64 --hash-style=gnu -dynamic-linker /lib64/ld-linux-x86-64.so.2 -o conftest /usr/lib/gcc/x86_64-redhat-linux/4.4.7/../../../../lib64/crt1.o /usr/lib/gcc/x86_64-redhat-linux/4.4.7/../../../../lib64/crti.o /usr/lib/gcc/x86_64-redhat-linux/4.4.7/crtbegin.o -L/usr/lib/gcc/x86_64-redhat-linux/4.4.7 -L/usr/lib/gcc/x86_64-redhat-linux/4.4.7 -L/usr/lib/gcc/x86_64-redhat-linux/4.4.7/../../../../lib64 -L/lib/../lib64 -L/usr/lib/../lib64 -L/usr/lib/gcc/x86_64-redhat-linux/4.4.7/../../.. /tmp/cctwoVgK.o -lgfortranbegin -lgfortran -lm -lgcc_s -lgcc -lc -lgcc_s -lgcc /usr/lib/gcc/x86_64-redhat-linux/4.4.7/crtend.o /usr/lib/gcc/x86_64-redhat-linux/4.4.7/../../../../lib64/crtn.o
configure:22123: result: -v
configure:22125: checking for Fortran libraries of gfortran
configure:22148: gfortran -o conftest -g -O2 -v conftest.f
Using built-in specs.
Target: x86_64-redhat-linux
Configured with: ../configure --prefix=/usr --mandir=/usr/share/man --infodir=/usr/share/info --with-bugurl=http://bugzilla.redhat.com/bugzilla --enable-bootstrap --enable-shared --enable-threads=posix --enable-checking=release --with-system-zlib --enable-__cxa_atexit --disable-libunwind-exceptions --enable-gnu-unique-object --enable-languages=c,c++,objc,obj-c++,java,fortran,ada --enable-java-awt=gtk --disable-dssi --with-java-home=/usr/lib/jvm/java-1.5.0-gcj-1.5.0.0/jre --enable-libgcj-multifile --enable-java-maintainer-mode --with-ecj-jar=/usr/share/java/eclipse-ecj.jar --disable-libjava-multilib --with-ppl --with-cloog --with-tune=generic --with-arch_32=i686 --build=x86_64-redhat-linux
Thread model: posix
gcc version 4.4.7 20120313 (Red Hat 4.4.7-18) (GCC) 
 /usr/libexec/gcc/x86_64-redhat-linux/4.4.7/f951 conftest.f -ffixed-form -quiet -dumpbase conftest.f -mtune=generic -auxbase conftest -g -O2 -version -fintrinsic-modules-path /usr/lib/gcc/x86_64-redhat-linux/4.4.7/finclude -o /tmp/cc9Nleyk.s
GNU Fortran (GCC) version 4.4.7 20120313 (Red Hat 4.4.7-18) (x86_64-redhat-linux)
	compiled by GNU C version 4.4.7 20120313 (Red Hat 4.4.7-18), GMP version 4.3.1, MPFR version 2.4.1.
GGC heuristics: --param ggc-min-expand=100 --param ggc-min-heapsize=131072
 as -V -Qy -o /tmp/ccjIL2vU.o /tmp/cc9Nleyk.s
GNU assembler version 2.20.51.0.2 (x86_64-redhat-linux) using BFD version version 2.20.51.0.2-5.46.el6 20100205
 /usr/libexec/gcc/x86_64-redhat-linux/4.4.7/collect2 --eh-frame-hdr --build-id -m elf_x86_64 --hash-style=gnu -dynamic-linker /lib64/ld-linux-x86-64.so.2 -o conftest /usr/lib/gcc/x86_64-redhat-linux/4.4.7/../../../../lib64/crt1.o /usr/lib/gcc/x86_64-redhat-linux/4.4.7/../../../../lib64/crti.o /usr/lib/gcc/x86_64-redhat-linux/4.4.7/crtbegin.o -L/usr/lib/gcc/x86_64-redhat-linux/4.4.7 -L/usr/lib/gcc/x86_64-redhat-linux/4.4.7 -L/usr/lib/gcc/x86_64-redhat-linux/4.4.7/../../../../lib64 -L/lib/../lib64 -L/usr/lib/../lib64 -L/usr/lib/gcc/x86_64-redhat-linux/4.4.7/../../.. /tmp/ccjIL2vU.o -lgfortranbegin -lgfortran -lm -lgcc_s -lgcc -lc -lgcc_s -lgcc /usr/lib/gcc/x86_64-redhat-linux/4.4.7/crtend.o /usr/lib/gcc/x86_64-redhat-linux/4.4.7/../../../../lib64/crtn.o
configure:22325: result:  -L/usr/lib/gcc/x86_64-redhat-linux/4.4.7 -L/usr/lib/gcc/x86_64-redhat-linux/4.4.7/../../../../lib64 -L/lib/../lib64 -L/usr/lib/../lib64 -L/usr/lib/gcc/x86_64-redhat-linux/4.4.7/../../.. -lgfortranbegin -lgfortran -lm
configure:22341: checking for dummy main to link with Fortran libraries
configure:22385: gcc -o conftest -g -O2   conftest.c   -L/usr/lib/gcc/x86_64-redhat-linux/4.4.7 -L/usr/lib/gcc/x86_64-redhat-linux/4.4.7/../../../../lib64 -L/lib/../lib64 -L/usr/lib/../lib64 -L/usr/lib/gcc/x86_64-redhat-linux/4.4.7/../../.. -lgfortranbegin -lgfortran -lm >&5
configure:22392: $? = 0
configure:22480: result: none
configure:22519: checking for Fortran name-mangling scheme
configure:22538: gfortran -c -g -O2  conftest.f >&5
configure:22545: $? = 0
configure:22600: gcc -o conftest -g -O2   conftest.c cfortran_test.o   -L/usr/lib/gcc/x86_64-redhat-linux/4.4.7 -L/usr/lib/gcc/x86_64-redhat-linux/4.4.7/../../../../lib64 -L/lib/../lib64 -L/usr/lib/../lib64 -L/usr/lib/gcc/x86_64-redhat-linux/4.4.7/../../.. -lgfortranbegin -lgfortran -lm >&5
/tmp/ccZclqBg.o: In function `main':
/afs/desy.de/user/p/pidhii/HFitter/xFitter/xfitter-2.0.0/conftest.c:42: undefined reference to `foobar'
collect2: ld returned 1 exit status
configure:22607: $? = 1
configure: failed program was:
| /* confdefs.h.  */
| #define PACKAGE_NAME "XFitter"
| #define PACKAGE_TARNAME "xfitter"
| #define PACKAGE_VERSION "2.0.0[1;32m FrozenFrog[0m"
| #define PACKAGE_STRING "XFitter 2.0.0[1;32m FrozenFrog[0m"
| #define PACKAGE_BUGREPORT "xfitter-help@desy.de"
| #define PACKAGE_URL "http://xfitter.org"
| #define PACKAGE "xfitter"
| #define VERSION "2.0.0[1;32m FrozenFrog[0m"
| #define STDC_HEADERS 1
| #define HAVE_SYS_TYPES_H 1
| #define HAVE_SYS_STAT_H 1
| #define HAVE_STDLIB_H 1
| #define HAVE_STRING_H 1
| #define HAVE_MEMORY_H 1
| #define HAVE_STRINGS_H 1
| #define HAVE_INTTYPES_H 1
| #define HAVE_STDINT_H 1
| #define HAVE_UNISTD_H 1
| #define HAVE_DLFCN_H 1
| #define LT_OBJDIR ".libs/"
| /* end confdefs.h.  */
| 
| /* Override any GCC internal prototype to avoid an error.
|    Use char because int might match the return type of a GCC
|    builtin and then its argument prototype would still apply.  */
| #ifdef __cplusplus
| extern "C"
| #endif
| char foobar ();
| #ifdef FC_DUMMY_MAIN
| #ifndef FC_DUMMY_MAIN_EQ_F77
| #  ifdef __cplusplus
|      extern "C"
| #  endif
|    int FC_DUMMY_MAIN() { return 1; }
| #endif
| #endif
| int
| main ()
| {
| return foobar ();
|   ;
|   return 0;
| }
configure:22600: gcc -o conftest -g -O2   conftest.c cfortran_test.o   -L/usr/lib/gcc/x86_64-redhat-linux/4.4.7 -L/usr/lib/gcc/x86_64-redhat-linux/4.4.7/../../../../lib64 -L/lib/../lib64 -L/usr/lib/../lib64 -L/usr/lib/gcc/x86_64-redhat-linux/4.4.7/../../.. -lgfortranbegin -lgfortran -lm >&5
configure:22607: $? = 0
configure:22689: gcc -o conftest -g -O2   conftest.c cfortran_test.o   -L/usr/lib/gcc/x86_64-redhat-linux/4.4.7 -L/usr/lib/gcc/x86_64-redhat-linux/4.4.7/../../../../lib64 -L/lib/../lib64 -L/usr/lib/../lib64 -L/usr/lib/gcc/x86_64-redhat-linux/4.4.7/../../.. -lgfortranbegin -lgfortran -lm >&5
configure:22696: $? = 0
configure:22759: result: lower case, underscore, no extra underscore
configure:22863: checking how to get verbose linking output from gfortran
configure:22879: gfortran -c -g -O2 conftest.f >&5
configure:22886: $? = 0
configure:22908: gfortran -o conftest -g -O2 -v conftest.f
Using built-in specs.
Target: x86_64-redhat-linux
Configured with: ../configure --prefix=/usr --mandir=/usr/share/man --infodir=/usr/share/info --with-bugurl=http://bugzilla.redhat.com/bugzilla --enable-bootstrap --enable-shared --enable-threads=posix --enable-checking=release --with-system-zlib --enable-__cxa_atexit --disable-libunwind-exceptions --enable-gnu-unique-object --enable-languages=c,c++,objc,obj-c++,java,fortran,ada --enable-java-awt=gtk --disable-dssi --with-java-home=/usr/lib/jvm/java-1.5.0-gcj-1.5.0.0/jre --enable-libgcj-multifile --enable-java-maintainer-mode --with-ecj-jar=/usr/share/java/eclipse-ecj.jar --disable-libjava-multilib --with-ppl --with-cloog --with-tune=generic --with-arch_32=i686 --build=x86_64-redhat-linux
Thread model: posix
gcc version 4.4.7 20120313 (Red Hat 4.4.7-18) (GCC) 
 /usr/libexec/gcc/x86_64-redhat-linux/4.4.7/f951 conftest.f -ffixed-form -quiet -dumpbase conftest.f -mtune=generic -auxbase conftest -g -O2 -version -fintrinsic-modules-path /usr/lib/gcc/x86_64-redhat-linux/4.4.7/finclude -o /tmp/ccLLBpX5.s
GNU Fortran (GCC) version 4.4.7 20120313 (Red Hat 4.4.7-18) (x86_64-redhat-linux)
	compiled by GNU C version 4.4.7 20120313 (Red Hat 4.4.7-18), GMP version 4.3.1, MPFR version 2.4.1.
GGC heuristics: --param ggc-min-expand=100 --param ggc-min-heapsize=131072
 as -V -Qy -o /tmp/ccW2dvZH.o /tmp/ccLLBpX5.s
GNU assembler version 2.20.51.0.2 (x86_64-redhat-linux) using BFD version version 2.20.51.0.2-5.46.el6 20100205
 /usr/libexec/gcc/x86_64-redhat-linux/4.4.7/collect2 --eh-frame-hdr --build-id -m elf_x86_64 --hash-style=gnu -dynamic-linker /lib64/ld-linux-x86-64.so.2 -o conftest /usr/lib/gcc/x86_64-redhat-linux/4.4.7/../../../../lib64/crt1.o /usr/lib/gcc/x86_64-redhat-linux/4.4.7/../../../../lib64/crti.o /usr/lib/gcc/x86_64-redhat-linux/4.4.7/crtbegin.o -L/usr/lib/gcc/x86_64-redhat-linux/4.4.7 -L/usr/lib/gcc/x86_64-redhat-linux/4.4.7 -L/usr/lib/gcc/x86_64-redhat-linux/4.4.7/../../../../lib64 -L/lib/../lib64 -L/usr/lib/../lib64 -L/usr/lib/gcc/x86_64-redhat-linux/4.4.7/../../.. /tmp/ccW2dvZH.o -lgfortranbegin -lgfortran -lm -lgcc_s -lgcc -lc -lgcc_s -lgcc /usr/lib/gcc/x86_64-redhat-linux/4.4.7/crtend.o /usr/lib/gcc/x86_64-redhat-linux/4.4.7/../../../../lib64/crtn.o
configure:22977: result: -v
configure:22979: checking for Fortran 77 libraries of gfortran
configure:23002: gfortran -o conftest -g -O2 -v conftest.f
Using built-in specs.
Target: x86_64-redhat-linux
Configured with: ../configure --prefix=/usr --mandir=/usr/share/man --infodir=/usr/share/info --with-bugurl=http://bugzilla.redhat.com/bugzilla --enable-bootstrap --enable-shared --enable-threads=posix --enable-checking=release --with-system-zlib --enable-__cxa_atexit --disable-libunwind-exceptions --enable-gnu-unique-object --enable-languages=c,c++,objc,obj-c++,java,fortran,ada --enable-java-awt=gtk --disable-dssi --with-java-home=/usr/lib/jvm/java-1.5.0-gcj-1.5.0.0/jre --enable-libgcj-multifile --enable-java-maintainer-mode --with-ecj-jar=/usr/share/java/eclipse-ecj.jar --disable-libjava-multilib --with-ppl --with-cloog --with-tune=generic --with-arch_32=i686 --build=x86_64-redhat-linux
Thread model: posix
gcc version 4.4.7 20120313 (Red Hat 4.4.7-18) (GCC) 
 /usr/libexec/gcc/x86_64-redhat-linux/4.4.7/f951 conftest.f -ffixed-form -quiet -dumpbase conftest.f -mtune=generic -auxbase conftest -g -O2 -version -fintrinsic-modules-path /usr/lib/gcc/x86_64-redhat-linux/4.4.7/finclude -o /tmp/ccfIgc0e.s
GNU Fortran (GCC) version 4.4.7 20120313 (Red Hat 4.4.7-18) (x86_64-redhat-linux)
	compiled by GNU C version 4.4.7 20120313 (Red Hat 4.4.7-18), GMP version 4.3.1, MPFR version 2.4.1.
GGC heuristics: --param ggc-min-expand=100 --param ggc-min-heapsize=131072
 as -V -Qy -o /tmp/ccYvbNmR.o /tmp/ccfIgc0e.s
GNU assembler version 2.20.51.0.2 (x86_64-redhat-linux) using BFD version version 2.20.51.0.2-5.46.el6 20100205
 /usr/libexec/gcc/x86_64-redhat-linux/4.4.7/collect2 --eh-frame-hdr --build-id -m elf_x86_64 --hash-style=gnu -dynamic-linker /lib64/ld-linux-x86-64.so.2 -o conftest /usr/lib/gcc/x86_64-redhat-linux/4.4.7/../../../../lib64/crt1.o /usr/lib/gcc/x86_64-redhat-linux/4.4.7/../../../../lib64/crti.o /usr/lib/gcc/x86_64-redhat-linux/4.4.7/crtbegin.o -L/usr/lib/gcc/x86_64-redhat-linux/4.4.7 -L/usr/lib/gcc/x86_64-redhat-linux/4.4.7 -L/usr/lib/gcc/x86_64-redhat-linux/4.4.7/../../../../lib64 -L/lib/../lib64 -L/usr/lib/../lib64 -L/usr/lib/gcc/x86_64-redhat-linux/4.4.7/../../.. /tmp/ccYvbNmR.o -lgfortranbegin -lgfortran -lm -lgcc_s -lgcc -lc -lgcc_s -lgcc /usr/lib/gcc/x86_64-redhat-linux/4.4.7/crtend.o /usr/lib/gcc/x86_64-redhat-linux/4.4.7/../../../../lib64/crtn.o
configure:23179: result:  -L/usr/lib/gcc/x86_64-redhat-linux/4.4.7 -L/usr/lib/gcc/x86_64-redhat-linux/4.4.7/../../../../lib64 -L/lib/../lib64 -L/usr/lib/../lib64 -L/usr/lib/gcc/x86_64-redhat-linux/4.4.7/../../.. -lgfortranbegin -lgfortran -lm
configure:23195: checking for dummy main to link with Fortran 77 libraries
configure:23247: gcc -o conftest -g -O2   conftest.c   -L/usr/lib/gcc/x86_64-redhat-linux/4.4.7 -L/usr/lib/gcc/x86_64-redhat-linux/4.4.7/../../../../lib64 -L/lib/../lib64 -L/usr/lib/../lib64 -L/usr/lib/gcc/x86_64-redhat-linux/4.4.7/../../.. -lgfortranbegin -lgfortran -lm >&5
configure:23254: $? = 0
configure:23350: result: none
configure:23389: checking for Fortran 77 name-mangling scheme
configure:23408: gfortran -c -g -O2 conftest.f >&5
configure:23415: $? = 0
configure:23478: gcc -o conftest -g -O2   conftest.c cfortran_test.o   -L/usr/lib/gcc/x86_64-redhat-linux/4.4.7 -L/usr/lib/gcc/x86_64-redhat-linux/4.4.7/../../../../lib64 -L/lib/../lib64 -L/usr/lib/../lib64 -L/usr/lib/gcc/x86_64-redhat-linux/4.4.7/../../.. -lgfortranbegin -lgfortran -lm >&5
/tmp/cciEviZj.o: In function `main':
/afs/desy.de/user/p/pidhii/HFitter/xFitter/xfitter-2.0.0/conftest.c:52: undefined reference to `foobar'
collect2: ld returned 1 exit status
configure:23485: $? = 1
configure: failed program was:
| /* confdefs.h.  */
| #define PACKAGE_NAME "XFitter"
| #define PACKAGE_TARNAME "xfitter"
| #define PACKAGE_VERSION "2.0.0[1;32m FrozenFrog[0m"
| #define PACKAGE_STRING "XFitter 2.0.0[1;32m FrozenFrog[0m"
| #define PACKAGE_BUGREPORT "xfitter-help@desy.de"
| #define PACKAGE_URL "http://xfitter.org"
| #define PACKAGE "xfitter"
| #define VERSION "2.0.0[1;32m FrozenFrog[0m"
| #define STDC_HEADERS 1
| #define HAVE_SYS_TYPES_H 1
| #define HAVE_SYS_STAT_H 1
| #define HAVE_STDLIB_H 1
| #define HAVE_STRING_H 1
| #define HAVE_MEMORY_H 1
| #define HAVE_STRINGS_H 1
| #define HAVE_INTTYPES_H 1
| #define HAVE_STDINT_H 1
| #define HAVE_UNISTD_H 1
| #define HAVE_DLFCN_H 1
| #define LT_OBJDIR ".libs/"
| #define FC_FUNC(name,NAME) name ## _
| #define FC_FUNC_(name,NAME) name ## _
| /* end confdefs.h.  */
| 
| /* Override any GCC internal prototype to avoid an error.
|    Use char because int might match the return type of a GCC
|    builtin and then its argument prototype would still apply.  */
| #ifdef __cplusplus
| extern "C"
| #endif
| char foobar ();
| #ifdef F77_DUMMY_MAIN
| 
| #  ifdef __cplusplus
|      extern "C"
| #  endif
|    int F77_DUMMY_MAIN() { return 1; }
| 
| #endif
| #ifdef FC_DUMMY_MAIN
| #ifndef FC_DUMMY_MAIN_EQ_F77
| #  ifdef __cplusplus
|      extern "C"
| #  endif
|    int FC_DUMMY_MAIN() { return 1; }
| #endif
| #endif
| int
| main ()
| {
| return foobar ();
|   ;
|   return 0;
| }
configure:23478: gcc -o conftest -g -O2   conftest.c cfortran_test.o   -L/usr/lib/gcc/x86_64-redhat-linux/4.4.7 -L/usr/lib/gcc/x86_64-redhat-linux/4.4.7/../../../../lib64 -L/lib/../lib64 -L/usr/lib/../lib64 -L/usr/lib/gcc/x86_64-redhat-linux/4.4.7/../../.. -lgfortranbegin -lgfortran -lm >&5
configure:23485: $? = 0
configure:23575: gcc -o conftest -g -O2   conftest.c cfortran_test.o   -L/usr/lib/gcc/x86_64-redhat-linux/4.4.7 -L/usr/lib/gcc/x86_64-redhat-linux/4.4.7/../../../../lib64 -L/lib/../lib64 -L/usr/lib/../lib64 -L/usr/lib/gcc/x86_64-redhat-linux/4.4.7/../../.. -lgfortranbegin -lgfortran -lm >&5
configure:23582: $? = 0
configure:23645: result: lower case, underscore, no extra underscore
configure:24109: gfortran compiler options
configure:24269: checking if sgemm_ is being linked in already
configure:24315: gcc -o conftest -g -O2 -fPIC  -fPIC  conftest.c   -L/usr/lib/gcc/x86_64-redhat-linux/4.4.7 -L/usr/lib/gcc/x86_64-redhat-linux/4.4.7/../../../../lib64 -L/lib/../lib64 -L/usr/lib/../lib64 -L/usr/lib/gcc/x86_64-redhat-linux/4.4.7/../../.. -lgfortranbegin -lgfortran -lm >&5
/tmp/ccPGSaYF.o: In function `main':
/afs/desy.de/user/p/pidhii/HFitter/xFitter/xfitter-2.0.0/conftest.c:54: undefined reference to `sgemm_'
collect2: ld returned 1 exit status
configure:24322: $? = 1
configure: failed program was:
| /* confdefs.h.  */
| #define PACKAGE_NAME "XFitter"
| #define PACKAGE_TARNAME "xfitter"
| #define PACKAGE_VERSION "2.0.0[1;32m FrozenFrog[0m"
| #define PACKAGE_STRING "XFitter 2.0.0[1;32m FrozenFrog[0m"
| #define PACKAGE_BUGREPORT "xfitter-help@desy.de"
| #define PACKAGE_URL "http://xfitter.org"
| #define PACKAGE "xfitter"
| #define VERSION "2.0.0[1;32m FrozenFrog[0m"
| #define STDC_HEADERS 1
| #define HAVE_SYS_TYPES_H 1
| #define HAVE_SYS_STAT_H 1
| #define HAVE_STDLIB_H 1
| #define HAVE_STRING_H 1
| #define HAVE_MEMORY_H 1
| #define HAVE_STRINGS_H 1
| #define HAVE_INTTYPES_H 1
| #define HAVE_STDINT_H 1
| #define HAVE_UNISTD_H 1
| #define HAVE_DLFCN_H 1
| #define LT_OBJDIR ".libs/"
| #define FC_FUNC(name,NAME) name ## _
| #define FC_FUNC_(name,NAME) name ## _
| #define F77_FUNC(name,NAME) name ## _
| #define F77_FUNC_(name,NAME) name ## _
| /* end confdefs.h.  */
| 
| /* Override any GCC internal prototype to avoid an error.
|    Use char because int might match the return type of a GCC
|    builtin and then its argument prototype would still apply.  */
| #ifdef __cplusplus
| extern "C"
| #endif
| char sgemm_ ();
| #ifdef F77_DUMMY_MAIN
| 
| #  ifdef __cplusplus
|      extern "C"
| #  endif
|    int F77_DUMMY_MAIN() { return 1; }
| 
| #endif
| #ifdef FC_DUMMY_MAIN
| #ifndef FC_DUMMY_MAIN_EQ_F77
| #  ifdef __cplusplus
|      extern "C"
| #  endif
|    int FC_DUMMY_MAIN() { return 1; }
| #endif
| #endif
| int
| main ()
| {
| return sgemm_ ();
|   ;
|   return 0;
| }
configure:24341: result: no
configure:24349: checking for sgemm_ in -lopenblas
configure:24400: gcc -o conftest -g -O2 -fPIC  -fPIC  conftest.c -lopenblas    -L/usr/lib/gcc/x86_64-redhat-linux/4.4.7 -L/usr/lib/gcc/x86_64-redhat-linux/4.4.7/../../../../lib64 -L/lib/../lib64 -L/usr/lib/../lib64 -L/usr/lib/gcc/x86_64-redhat-linux/4.4.7/../../.. -lgfortranbegin -lgfortran -lm >&5
configure:24407: $? = 0
configure:24430: result: yes
configure:26516: checking for cheev_
configure:26588: gcc -o conftest -g -O2 -fPIC  -fPIC  conftest.c  -lopenblas  -L/usr/lib/gcc/x86_64-redhat-linux/4.4.7 -L/usr/lib/gcc/x86_64-redhat-linux/4.4.7/../../../../lib64 -L/lib/../lib64 -L/usr/lib/../lib64 -L/usr/lib/gcc/x86_64-redhat-linux/4.4.7/../../.. -lgfortranbegin -lgfortran -lm >&5
configure:26595: $? = 0
configure:26617: result: yes
configure:26756: checking for libyaml
configure:26803: gcc -o conftest -g -O2 -fPIC  -fPIC  conftest.c -lyaml  >&5
configure:26810: $? = 0
configure:26818: result: yes
configure:27073: checking for QCDNUM installation
configure:27083: result: Using /afs/desy.de/user/p/pidhii/soft/QCDNUM/qcdnum-17-01-14_install/bin/qcdnum-config version 17-01-14
configure:27600: checking for ROOT installation
configure:27608: result: Using /usr/bin/root-config
configure:27946: checking for doxygen
configure:27964: found /usr/bin/doxygen
configure:27976: result: /usr/bin/doxygen
configure:28052: checking for perl
configure:28070: found /usr/local/bin/perl
configure:28082: result: /usr/local/bin/perl
configure:28229: checking for dot
configure:28247: found /usr/bin/dot
configure:28259: result: /usr/bin/dot
configure:30283: creating ./config.status

## ---------------------- ##
## Running config.status. ##
## ---------------------- ##

This file was extended by XFitter config.status 2.0.0[1;32m FrozenFrog[0m, which was
generated by GNU Autoconf 2.63.  Invocation command line was

  CONFIG_FILES    = 
  CONFIG_HEADERS  = 
  CONFIG_LINKS    = 
  CONFIG_COMMANDS = 
  $ ./config.status 

on nafhh-zeus01.desy.de

config.status:1239: creating include/Makefile
config.status:1239: creating src/Makefile
config.status:1239: creating common/Makefile
config.status:1239: creating common/linalg/Makefile
config.status:1239: creating common/num_utils/Makefile
config.status:1239: creating interfaces/src/Makefile
config.status:1239: creating interfaces/include/Makefile
config.status:1239: creating FastNLO/src/Makefile
config.status:1239: creating FastNLO/include/Makefile
config.status:1239: creating FastNLO/include/fastnlotk/Makefile
config.status:1239: creating minuit/src/Makefile
config.status:1239: creating EW/src/Makefile
config.status:1239: creating RT/src/Makefile
config.status:1239: creating DiffDIS/src/Makefile
config.status:1239: creating DiffDIS/include/Makefile
config.status:1239: creating DIPOLE/src/Makefile
config.status:1239: creating DY/src/Makefile
config.status:1239: creating DY/include/Makefile
config.status:1239: creating Hathor/src/Makefile
config.status:1239: creating Hathor/interface/Makefile
config.status:1239: creating HVQMNR/Makefile
config.status:1239: creating HVQMNR/src/Makefile
config.status:1239: creating HVQMNR/include/Makefile
config.status:1239: creating ACOT/src/Makefile
config.status:1239: creating ACOT/Makefile
config.status:1239: creating SACOT/src/Makefile
config.status:1239: creating SACOT/Makefile
config.status:1239: creating ABM/src/Makefile
config.status:1239: creating FONLL/src/Makefile
config.status:1239: creating FONLL/Makefile
config.status:1239: creating Cascade/src/Makefile
config.status:1239: creating genetic/mixmax_r004/Makefile
config.status:1239: creating genetic/src/Makefile
config.status:1239: creating QEDevol/src/Makefile
config.status:1239: creating QEDevol/include/Makefile
config.status:1239: creating pdf2yaml/Makefile
config.status:1239: creating tools/process/Makefile
config.status:1239: creating tools/draw/Makefile
config.status:1239: creating tools/draw/src/Makefile
config.status:1239: creating tools/draw/include/Makefile
config.status:1239: creating tools/MakeLHAPDF/Makefile
config.status:1239: creating input_steering/Makefile
config.status:1239: creating tools/Makefile
config.status:1239: creating datafiles/Makefile
config.status:1239: creating datafiles/hera/h1zeusCombined/inclusiveDis/1506.06042/Makefile
config.status:1239: creating doc/logo/Makefile
config.status:1239: creating examples/Makefile
config.status:1239: creating python/Makefile
config.status:1239: creating xfitter-config
config.status:1239: creating Makefile
config.status:1450: executing depfiles commands
config.status:1450: executing libtool commands

## ---------------- ##
## Cache variables. ##
## ---------------- ##

ac_cv_build=x86_64-unknown-linux-gnu
ac_cv_c_compiler_gnu=yes
ac_cv_cxx_compiler_gnu=yes
ac_cv_env_CCC_set=
ac_cv_env_CCC_value=
ac_cv_env_CC_set=
ac_cv_env_CC_value=
ac_cv_env_CFLAGS_set=
ac_cv_env_CFLAGS_value=
ac_cv_env_CPPFLAGS_set=
ac_cv_env_CPPFLAGS_value=
ac_cv_env_CPP_set=
ac_cv_env_CPP_value=
ac_cv_env_CXXCPP_set=
ac_cv_env_CXXCPP_value=
ac_cv_env_CXXFLAGS_set=
ac_cv_env_CXXFLAGS_value=
ac_cv_env_CXX_set=
ac_cv_env_CXX_value=
ac_cv_env_DOXYGEN_PAPER_SIZE_set=
ac_cv_env_DOXYGEN_PAPER_SIZE_value=
ac_cv_env_F77_set=
ac_cv_env_F77_value=
ac_cv_env_FCFLAGS_set=
ac_cv_env_FCFLAGS_value=
ac_cv_env_FC_set=
ac_cv_env_FC_value=
ac_cv_env_FFLAGS_set=
ac_cv_env_FFLAGS_value=
ac_cv_env_LDFLAGS_set=
ac_cv_env_LDFLAGS_value=
ac_cv_env_LIBS_set=
ac_cv_env_LIBS_value=
ac_cv_env_build_alias_set=
ac_cv_env_build_alias_value=
ac_cv_env_host_alias_set=
ac_cv_env_host_alias_value=
ac_cv_env_target_alias_set=
ac_cv_env_target_alias_value=
ac_cv_f77_compiler_gnu=yes
ac_cv_f77_dummy_main=none
ac_cv_f77_libs=' -L/usr/lib/gcc/x86_64-redhat-linux/4.4.7 -L/usr/lib/gcc/x86_64-redhat-linux/4.4.7/../../../../lib64 -L/lib/../lib64 -L/usr/lib/../lib64 -L/usr/lib/gcc/x86_64-redhat-linux/4.4.7/../../.. -lgfortranbegin -lgfortran -lm'
ac_cv_f77_mangling='lower case, underscore, no extra underscore'
ac_cv_fc_compiler_gnu=yes
ac_cv_fc_dummy_main=none
ac_cv_fc_libs=' -L/usr/lib/gcc/x86_64-redhat-linux/4.4.7 -L/usr/lib/gcc/x86_64-redhat-linux/4.4.7/../../../../lib64 -L/lib/../lib64 -L/usr/lib/../lib64 -L/usr/lib/gcc/x86_64-redhat-linux/4.4.7/../../.. -lgfortranbegin -lgfortran -lm'
ac_cv_fc_mangling='lower case, underscore, no extra underscore'
ac_cv_fortran_dummy_main=none
ac_cv_func_cheev_=yes
ac_cv_header_dlfcn_h=yes
ac_cv_header_inttypes_h=yes
ac_cv_header_memory_h=yes
ac_cv_header_stdc=yes
ac_cv_header_stdint_h=yes
ac_cv_header_stdlib_h=yes
ac_cv_header_string_h=yes
ac_cv_header_strings_h=yes
ac_cv_header_sys_stat_h=yes
ac_cv_header_sys_types_h=yes
ac_cv_header_unistd_h=yes
ac_cv_host=x86_64-unknown-linux-gnu
ac_cv_lib_openblas_sgemm_=yes
ac_cv_objext=o
ac_cv_path_EGREP='/bin/grep -E'
ac_cv_path_FGREP='/bin/grep -F'
ac_cv_path_GREP=/bin/grep
ac_cv_path_SED=/bin/sed
ac_cv_path_ac_pt_DX_DOT=/usr/bin/dot
ac_cv_path_ac_pt_DX_DOXYGEN=/usr/bin/doxygen
ac_cv_path_ac_pt_DX_PERL=/usr/local/bin/perl
ac_cv_path_install='/usr/bin/install -c'
ac_cv_path_mkdir=/bin/mkdir
ac_cv_prog_AWK=gawk
ac_cv_prog_CPP='gcc -E'
ac_cv_prog_CXXCPP='g++ -E'
ac_cv_prog_ac_ct_AR=ar
ac_cv_prog_ac_ct_CC=gcc
ac_cv_prog_ac_ct_CXX=g++
ac_cv_prog_ac_ct_F77=gfortran
ac_cv_prog_ac_ct_FC=gfortran
ac_cv_prog_ac_ct_OBJDUMP=objdump
ac_cv_prog_ac_ct_RANLIB=ranlib
ac_cv_prog_ac_ct_STRIP=strip
ac_cv_prog_cc_c89=
ac_cv_prog_cc_g=yes
ac_cv_prog_cc_gcc_c_o=yes
ac_cv_prog_cxx_g=yes
ac_cv_prog_f77_g=yes
ac_cv_prog_f77_v=-v
ac_cv_prog_fc_g=yes
ac_cv_prog_fc_v=-v
ac_cv_prog_make_make_set=yes
am_cv_CC_dependencies_compiler_type=gcc3
am_cv_CXX_dependencies_compiler_type=gcc3
am_cv_prog_tar_ustar=gnutar
lt_cv_deplibs_check_method=pass_all
lt_cv_file_magic_cmd='$MAGIC_CMD'
lt_cv_file_magic_test_file=
lt_cv_ld_reload_flag=-r
lt_cv_nm_interface='BSD nm'
lt_cv_objdir=.libs
lt_cv_path_LD=/usr/bin/ld
lt_cv_path_LDCXX='/usr/bin/ld -m elf_x86_64'
lt_cv_path_NM='/usr/bin/nm -B'
lt_cv_prog_compiler_c_o=yes
lt_cv_prog_compiler_c_o_CXX=yes
lt_cv_prog_compiler_c_o_F77=yes
lt_cv_prog_compiler_c_o_FC=yes
lt_cv_prog_compiler_pic_works=yes
lt_cv_prog_compiler_pic_works_CXX=yes
lt_cv_prog_compiler_pic_works_F77=yes
lt_cv_prog_compiler_pic_works_FC=yes
lt_cv_prog_compiler_rtti_exceptions=no
lt_cv_prog_compiler_static_works=yes
lt_cv_prog_compiler_static_works_CXX=yes
lt_cv_prog_compiler_static_works_F77=yes
lt_cv_prog_compiler_static_works_FC=yes
lt_cv_prog_gnu_ld=yes
lt_cv_prog_gnu_ldcxx=yes
lt_cv_sys_global_symbol_pipe='sed -n -e '\''s/^.*[	 ]\([ABCDGIRSTW][ABCDGIRSTW]*\)[	 ][	 ]*\([_A-Za-z][_A-Za-z0-9]*\)$/\1 \2 \2/p'\'''
lt_cv_sys_global_symbol_to_c_name_address='sed -n -e '\''s/^: \([^ ]*\) $/  {\"\1\", (void *) 0},/p'\'' -e '\''s/^[ABCDGIRSTW]* \([^ ]*\) \([^ ]*\)$/  {"\2", (void *) \&\2},/p'\'''
lt_cv_sys_global_symbol_to_c_name_address_lib_prefix='sed -n -e '\''s/^: \([^ ]*\) $/  {\"\1\", (void *) 0},/p'\'' -e '\''s/^[ABCDGIRSTW]* \([^ ]*\) \(lib[^ ]*\)$/  {"\2", (void *) \&\2},/p'\'' -e '\''s/^[ABCDGIRSTW]* \([^ ]*\) \([^ ]*\)$/  {"lib\2", (void *) \&\2},/p'\'''
lt_cv_sys_global_symbol_to_cdecl='sed -n -e '\''s/^T .* \(.*\)$/extern int \1();/p'\'' -e '\''s/^[ABCDGIRSTW]* .* \(.*\)$/extern char \1;/p'\'''
lt_cv_sys_max_cmd_len=1966080

## ----------------- ##
## Output variables. ##
## ----------------- ##

ACLOCAL='${SHELL} /afs/desy.de/user/p/pidhii/HFitter/xFitter/xfitter-2.0.0/missing --run aclocal-1.11'
AMDEPBACKSLASH='\'
AMDEP_FALSE='#'
AMDEP_TRUE=''
AMTAR='${SHELL} /afs/desy.de/user/p/pidhii/HFitter/xFitter/xfitter-2.0.0/missing --run tar'
AM_BACKSLASH='\'
AM_DEFAULT_VERBOSITY='0'
APFELGRID_CPPFLAGS=''
APFELGRID_LDFLAGS=''
APFEL_CPPFLAGS=''
APFEL_LDFLAGS=''
APPLGRID_CKM_FALSE=''
APPLGRID_CKM_TRUE='#'
APPLGRID_CPPFLAGS=''
APPLGRID_DYNSCALE_FALSE=''
APPLGRID_DYNSCALE_TRUE='#'
APPLGRID_LDFLAGS=''
AR='ar'
AUTOCONF='${SHELL} /afs/desy.de/user/p/pidhii/HFitter/xFitter/xfitter-2.0.0/missing --run autoconf'
AUTOHEADER='${SHELL} /afs/desy.de/user/p/pidhii/HFitter/xFitter/xfitter-2.0.0/missing --run autoheader'
AUTOMAKE='${SHELL} /afs/desy.de/user/p/pidhii/HFitter/xFitter/xfitter-2.0.0/missing --run automake-1.11'
AWK='gawk'
BIBTEX=''
BLAS_LIBS='-lopenblas'
BUILD_DOCS_FALSE=''
BUILD_DOCS_TRUE='#'
CASCADELIBS=''
CASCADE_SOURCE=''
CC='gcc'
CCDEPMODE='depmode=gcc3'
CFLAGS='-g -O2 -fPIC'
CPP='gcc -E'
CPPFLAGS=' -fPIC'
CXX='g++'
CXXCPP='g++ -E'
CXXDEPMODE='depmode=gcc3'
CXXFLAGS='-g -O2'
CYGPATH_W='echo'
DEFS='-DPACKAGE_NAME=\"XFitter\" -DPACKAGE_TARNAME=\"xfitter\" -DPACKAGE_VERSION=\"2.0.0\[1\;32m\ FrozenFrog\[0m\" -DPACKAGE_STRING=\"XFitter\ 2.0.0\[1\;32m\ FrozenFrog\[0m\" -DPACKAGE_BUGREPORT=\"xfitter-help@desy.de\" -DPACKAGE_URL=\"http://xfitter.org\" -DPACKAGE=\"xfitter\" -DVERSION=\"2.0.0\[1\;32m\ FrozenFrog\[0m\" -DSTDC_HEADERS=1 -DHAVE_SYS_TYPES_H=1 -DHAVE_SYS_STAT_H=1 -DHAVE_STDLIB_H=1 -DHAVE_STRING_H=1 -DHAVE_MEMORY_H=1 -DHAVE_STRINGS_H=1 -DHAVE_INTTYPES_H=1 -DHAVE_STDINT_H=1 -DHAVE_UNISTD_H=1 -DHAVE_DLFCN_H=1 -DLT_OBJDIR=\".libs/\" -DFC_FUNC\(name,NAME\)=name\ \#\#\ _ -DFC_FUNC_\(name,NAME\)=name\ \#\#\ _ -DF77_FUNC\(name,NAME\)=name\ \#\#\ _ -DF77_FUNC_\(name,NAME\)=name\ \#\#\ _ -DHAVE_BLAS=1 -DHAVE_LAPACK=1 -DROOT_ENABLED=1'
DEPDIR='.deps'
DOXYGEN_PAPER_SIZE=''
DSYMUTIL=''
DUMPBIN=''
DX_COND_chi_FALSE=''
DX_COND_chi_TRUE='#'
DX_COND_chm_FALSE=''
DX_COND_chm_TRUE='#'
DX_COND_doc_FALSE='#'
DX_COND_doc_TRUE=''
DX_COND_dot_FALSE='#'
DX_COND_dot_TRUE=''
DX_COND_html_FALSE='#'
DX_COND_html_TRUE=''
DX_COND_latex_FALSE=''
DX_COND_latex_TRUE='#'
DX_COND_man_FALSE=''
DX_COND_man_TRUE='#'
DX_COND_pdf_FALSE=''
DX_COND_pdf_TRUE='#'
DX_COND_ps_FALSE=''
DX_COND_ps_TRUE='#'
DX_COND_rtf_FALSE=''
DX_COND_rtf_TRUE='#'
DX_COND_xml_FALSE=''
DX_COND_xml_TRUE='#'
DX_CONFIG='doxygen.cfg'
DX_DOCDIR='doxygen-doc'
DX_DOT='/usr/bin/dot'
DX_DOXYGEN='/usr/bin/doxygen'
DX_DVIPS=''
DX_EGREP=''
DX_ENV=' SRCDIR='\''.'\'' PROJECT='\''XFitter'\'' DOCDIR='\''doxygen-doc'\'' VERSION='\''2.0.0[1;32m FrozenFrog[0m'\'' PERL_PATH='\''/usr/local/bin/perl'\'' HAVE_DOT='\''YES'\'' DOT_PATH='\''/usr/bin'\'' GENERATE_MAN='\''NO'\'' GENERATE_RTF='\''NO'\'' GENERATE_XML='\''NO'\'' GENERATE_HTMLHELP='\''NO'\'' GENERATE_CHI='\''NO'\'' GENERATE_HTML='\''YES'\'' GENERATE_LATEX='\''NO'\'''
DX_FLAG_DX_CURRENT_FEATURE=''
DX_FLAG_chi='0'
DX_FLAG_chm='0'
DX_FLAG_doc='1'
DX_FLAG_dot='1'
DX_FLAG_html='1'
DX_FLAG_man='0'
DX_FLAG_pdf='0'
DX_FLAG_ps='0'
DX_FLAG_rtf='0'
DX_FLAG_xml='0'
DX_HHC=''
DX_LATEX=''
DX_MAKEINDEX=''
DX_PDFLATEX=''
DX_PERL='/usr/local/bin/perl'
DX_PROJECT='XFitter'
ECHO_C=''
ECHO_N='-n'
ECHO_T=''
EGREP='/bin/grep -E'
ENABLE_APFELGRID_FALSE=''
ENABLE_APFELGRID_TRUE='#'
ENABLE_APFEL_FALSE=''
ENABLE_APFEL_TRUE='#'
ENABLE_APPLGRID_FALSE=''
ENABLE_APPLGRID_TRUE='#'
ENABLE_GENETIC_FALSE=''
ENABLE_GENETIC_TRUE='#'
ENABLE_HATHOR_FALSE=''
ENABLE_HATHOR_TRUE='#'
ENABLE_HVQMNR_FALSE=''
ENABLE_HVQMNR_TRUE='#'
ENABLE_LHAPDF_FALSE=''
ENABLE_LHAPDF_TRUE='#'
ENABLE_MELA_FALSE=''
ENABLE_MELA_TRUE='#'
ENABLE_OPENMP_FALSE=''
ENABLE_OPENMP_TRUE='#'
ENABLE_UPDF_FALSE=''
ENABLE_UPDF_TRUE='#'
EXEEXT=''
F77='gfortran'
FC='gfortran'
FCFLAGS='-g -O2   -fPIC -cpp  -ffixed-line-length-132 -Difort=0'
FCLIBS=' -L/usr/lib/gcc/x86_64-redhat-linux/4.4.7 -L/usr/lib/gcc/x86_64-redhat-linux/4.4.7/../../../../lib64 -L/lib/../lib64 -L/usr/lib/../lib64 -L/usr/lib/gcc/x86_64-redhat-linux/4.4.7/../../.. -lgfortranbegin -lgfortran -lm'
FFLAGS='-g -O2     -fPIC -cpp  -ffixed-line-length-132 -Difort=0'
FGREP='/bin/grep -F'
FLIBS=' -L/usr/lib/gcc/x86_64-redhat-linux/4.4.7 -L/usr/lib/gcc/x86_64-redhat-linux/4.4.7/../../../../lib64 -L/lib/../lib64 -L/usr/lib/../lib64 -L/usr/lib/gcc/x86_64-redhat-linux/4.4.7/../../.. -lgfortranbegin -lgfortran -lm'
GREP='/bin/grep'
HAVE_ROOT_FALSE='#'
HAVE_ROOT_TRUE=''
HAVE_YAML_FALSE='#'
HAVE_YAML_TRUE=''
INSTALL_DATA='${INSTALL} -m 644'
INSTALL_PROGRAM='${INSTALL}'
INSTALL_SCRIPT='${INSTALL}'
INSTALL_STRIP_PROGRAM='$(install_sh) -c -s'
LAPACK_LIBS=''
LD='/usr/bin/ld -m elf_x86_64'
LDFLAGS=''
LHAPDF_CPPFLAGS=''
LHAPDF_FAMILY=''
LHAPDF_LDFLAGS=''
LIBOBJS=''
LIBS=''
LIBTOOL='$(SHELL) $(top_builddir)/libtool'
LIPO=''
LN_S='ln -s'
LTLIBOBJS=''
MAKEINFO='${SHELL} /afs/desy.de/user/p/pidhii/HFitter/xFitter/xfitter-2.0.0/missing --run makeinfo'
MELA_LDFLAGS=''
MKDIR_P='/bin/mkdir -p'
NM='/usr/bin/nm -B'
NMEDIT=''
NOAUTOFCFLAG='-fno-automatic'
OBJDUMP='objdump'
OBJEXT='o'
OPENMP_CFLAGS=''
OPENMP_CXXFLAGS=''
OTOOL64=''
OTOOL=''
PACKAGE='xfitter'
PACKAGE_BUGREPORT='xfitter-help@desy.de'
PACKAGE_NAME='XFitter'
PACKAGE_STRING='XFitter 2.0.0[1;32m FrozenFrog[0m'
PACKAGE_TARNAME='xfitter'
PACKAGE_VERSION='2.0.0[1;32m FrozenFrog[0m'
PATH_SEPARATOR=':'
PDFLATEX=''
PYTHIALIBS=''
PYTHIA_SOURCE=''
QCDNUMLIBS='-L/afs/desy.de/user/p/pidhii/soft/QCDNUM/qcdnum-17-01-14_install/lib -lQCDNUM'
RANLIB='ranlib'
ROOT_CFLAGS='-pthread -m64 -I/usr/include/root'
ROOT_LDFLAGS='-m64'
ROOT_LIBS='-L/usr/lib64/root -lCore -lCint -lRIO -lNet -lHist -lGraf -lGraf3d -lGpad -lTree -lRint -lPostscript -lMatrix -lPhysics -lMathCore -lThread -pthread -lm -ldl -rdynamic'
SED='/bin/sed'
SET_MAKE=''
SHELL='/bin/sh'
STRIP='strip'
VERSION='2.0.0[1;32m FrozenFrog[0m'
ac_ct_CC='gcc'
ac_ct_CXX='g++'
ac_ct_DUMPBIN=''
ac_ct_F77='gfortran'
ac_ct_FC='gfortran'
am__EXEEXT_FALSE=''
am__EXEEXT_TRUE='#'
am__fastdepCC_FALSE='#'
am__fastdepCC_TRUE=''
am__fastdepCXX_FALSE='#'
am__fastdepCXX_TRUE=''
am__include='include'
am__isrc=''
am__leading_dot='.'
am__quote=''
am__tar='tar --format=ustar -chf - "$$tardir"'
am__untar='tar -xf -'
bindir='${exec_prefix}/bin'
build='x86_64-unknown-linux-gnu'
build_alias=''
build_cpu='x86_64'
build_os='linux-gnu'
build_vendor='unknown'
datadir='${datarootdir}'
datarootdir='${prefix}/share'
docdir='${datarootdir}/doc/${PACKAGE_TARNAME}'
dvidir='${docdir}'
exec_prefix='${prefix}'
host='x86_64-unknown-linux-gnu'
host_alias=''
host_cpu='x86_64'
host_os='linux-gnu'
host_vendor='unknown'
htmldir='${docdir}'
includedir='${prefix}/include'
infodir='${datarootdir}/info'
install_sh='${SHELL} /afs/desy.de/user/p/pidhii/HFitter/xFitter/xfitter-2.0.0/install-sh'
libdir='${exec_prefix}/lib'
libexecdir='${exec_prefix}/libexec'
localedir='${datarootdir}/locale'
localstatedir='${prefix}/var'
lt_ECHO='echo'
mandir='${datarootdir}/man'
mkdir_p='/bin/mkdir -p'
oldincludedir='/usr/include'
pdfdir='${docdir}'
prefix='/afs/desy.de/user/p/pidhii/HFitter/xFitter/xfitter-2.0.0_install'
program_transform_name='s,x,x,'
psdir='${docdir}'
sbindir='${exec_prefix}/sbin'
sharedstatedir='${prefix}/com'
sysconfdir='${prefix}/etc'
target_alias=''

## ----------- ##
## confdefs.h. ##
## ----------- ##

#define PACKAGE_NAME "XFitter"
#define PACKAGE_TARNAME "xfitter"
#define PACKAGE_VERSION "2.0.0[1;32m FrozenFrog[0m"
#define PACKAGE_STRING "XFitter 2.0.0[1;32m FrozenFrog[0m"
#define PACKAGE_BUGREPORT "xfitter-help@desy.de"
#define PACKAGE_URL "http://xfitter.org"
#define PACKAGE "xfitter"
#define VERSION "2.0.0[1;32m FrozenFrog[0m"
#define STDC_HEADERS 1
#define HAVE_SYS_TYPES_H 1
#define HAVE_SYS_STAT_H 1
#define HAVE_STDLIB_H 1
#define HAVE_STRING_H 1
#define HAVE_MEMORY_H 1
#define HAVE_STRINGS_H 1
#define HAVE_INTTYPES_H 1
#define HAVE_STDINT_H 1
#define HAVE_UNISTD_H 1
#define HAVE_DLFCN_H 1
#define LT_OBJDIR ".libs/"
#define FC_FUNC(name,NAME) name ## _
#define FC_FUNC_(name,NAME) name ## _
#define F77_FUNC(name,NAME) name ## _
#define F77_FUNC_(name,NAME) name ## _
#define HAVE_BLAS 1
#define HAVE_LAPACK 1
#define ROOT_ENABLED 1

configure: exit 0
