000 (4793697.000.000) 06/25 22:17:37 Job submitted from host: <131.169.56.95:9618?addrs=131.169.56.95-9618&noUDP&sock=1058_474a_3>
...
001 (4793697.000.000) 06/25 22:17:51 Job executing on host: <131.169.76.32:34111?addrs=131.169.76.32-34111>
...
006 (4793697.000.000) 06/25 22:17:59 Image size of job updated: 170520
	152  -  MemoryUsage of job (MB)
	154876  -  ResidentSetSize of job (KB)
...
006 (4793697.000.000) 06/25 22:22:59 Image size of job updated: 222484
	202  -  MemoryUsage of job (MB)
	206280  -  ResidentSetSize of job (KB)
...
006 (4793697.000.000) 06/25 22:53:03 Image size of job updated: 222504
	202  -  MemoryUsage of job (MB)
	206280  -  ResidentSetSize of job (KB)
...
006 (4793697.000.000) 06/25 22:56:04 Image size of job updated: 222540
	202  -  MemoryUsage of job (MB)
	206280  -  ResidentSetSize of job (KB)
...
005 (4793697.000.000) 06/25 22:56:04 Job terminated.
	(1) Normal termination (return value 0)
		Usr 0 00:38:08, Sys 0 00:00:00  -  Run Remote Usage
		Usr 0 00:00:00, Sys 0 00:00:00  -  Run Local Usage
		Usr 0 00:38:08, Sys 0 00:00:00  -  Total Remote Usage
		Usr 0 00:00:00, Sys 0 00:00:00  -  Total Local Usage
	0  -  Run Bytes Sent By Job
	0  -  Run Bytes Received By Job
	0  -  Total Bytes Sent By Job
	0  -  Total Bytes Received By Job
	Partitionable Resources :    Usage  Request Allocated 
	   Cpus                 :     1.00        1         1 
	   Disk (KB)            :     1     3072000   3346615 
	   Memory (MB)          :   202        2048      2048 
...
